#! /c/Source/iverilog-install/bin/vvp
:ivl_version "12.0 (devel)" "(s20150603-1110-g18392a46)";
:ivl_delay_selection "TYPICAL";
:vpi_time_precision + 0;
:vpi_module "C:\iverilog\lib\ivl\system.vpi";
:vpi_module "C:\iverilog\lib\ivl\vhdl_sys.vpi";
:vpi_module "C:\iverilog\lib\ivl\vhdl_textio.vpi";
:vpi_module "C:\iverilog\lib\ivl\v2005_math.vpi";
:vpi_module "C:\iverilog\lib\ivl\va_math.vpi";
S_00000240b3642ba0 .scope module, "ALUControl" "ALUControl" 2 1;
 .timescale 0 0;
    .port_info 0 /INPUT 4 "controlType";
    .port_info 1 /OUTPUT 2 "condType";
    .port_info 2 /OUTPUT 1 "divOp";
    .port_info 3 /OUTPUT 1 "multOp";
    .port_info 4 /OUTPUT 3 "ALUOp";
    .port_info 5 /OUTPUT 1 "orOp";
    .port_info 6 /OUTPUT 1 "overflowOp";
    .port_info 7 /OUTPUT 3 "SrcOut";
v00000240b36432f0_0 .var "ALUOp", 2 0;
v00000240b3642d30_0 .var "SrcOut", 2 0;
v00000240b3642dd0_0 .var "condType", 1 0;
o00000240b367d038 .functor BUFZ 4, C4<zzzz>; HiZ drive
v00000240b3642e70_0 .net "controlType", 3 0, o00000240b367d038;  0 drivers
v00000240b36744a0_0 .var "divOp", 0 0;
v00000240b3674540_0 .var "multOp", 0 0;
v00000240b36745e0_0 .var "orOp", 0 0;
v00000240b3674680_0 .var "overflowOp", 0 0;
E_00000240b362a4a0 .event anyedge, v00000240b3642e70_0;
    .scope S_00000240b3642ba0;
T_0 ;
    %wait E_00000240b362a4a0;
    %pushi/vec4 0, 0, 2;
    %store/vec4 v00000240b3642dd0_0, 0, 2;
    %pushi/vec4 0, 0, 1;
    %store/vec4 v00000240b36744a0_0, 0, 1;
    %pushi/vec4 0, 0, 1;
    %store/vec4 v00000240b3674540_0, 0, 1;
    %pushi/vec4 0, 0, 3;
    %store/vec4 v00000240b36432f0_0, 0, 3;
    %pushi/vec4 0, 0, 1;
    %store/vec4 v00000240b36745e0_0, 0, 1;
    %pushi/vec4 0, 0, 1;
    %store/vec4 v00000240b3674680_0, 0, 1;
    %pushi/vec4 0, 0, 3;
    %store/vec4 v00000240b3642d30_0, 0, 3;
    %load/vec4 v00000240b3642e70_0;
    %dup/vec4;
    %pushi/vec4 0, 0, 4;
    %cmp/u;
    %jmp/1 T_0.0, 6;
    %dup/vec4;
    %pushi/vec4 1, 0, 4;
    %cmp/u;
    %jmp/1 T_0.1, 6;
    %dup/vec4;
    %pushi/vec4 2, 0, 4;
    %cmp/u;
    %jmp/1 T_0.2, 6;
    %dup/vec4;
    %pushi/vec4 3, 0, 4;
    %cmp/u;
    %jmp/1 T_0.3, 6;
    %dup/vec4;
    %pushi/vec4 4, 0, 4;
    %cmp/u;
    %jmp/1 T_0.4, 6;
    %dup/vec4;
    %pushi/vec4 5, 0, 4;
    %cmp/u;
    %jmp/1 T_0.5, 6;
    %dup/vec4;
    %pushi/vec4 6, 0, 4;
    %cmp/u;
    %jmp/1 T_0.6, 6;
    %dup/vec4;
    %pushi/vec4 7, 0, 4;
    %cmp/u;
    %jmp/1 T_0.7, 6;
    %dup/vec4;
    %pushi/vec4 8, 0, 4;
    %cmp/u;
    %jmp/1 T_0.8, 6;
    %dup/vec4;
    %pushi/vec4 9, 0, 4;
    %cmp/u;
    %jmp/1 T_0.9, 6;
    %dup/vec4;
    %pushi/vec4 10, 0, 4;
    %cmp/u;
    %jmp/1 T_0.10, 6;
    %dup/vec4;
    %pushi/vec4 11, 0, 4;
    %cmp/u;
    %jmp/1 T_0.11, 6;
    %dup/vec4;
    %pushi/vec4 12, 0, 4;
    %cmp/u;
    %jmp/1 T_0.12, 6;
    %dup/vec4;
    %pushi/vec4 13, 0, 4;
    %cmp/u;
    %jmp/1 T_0.13, 6;
    %jmp T_0.14;
T_0.0 ;
    %pushi/vec4 0, 0, 3;
    %store/vec4 v00000240b36432f0_0, 0, 3;
    %pushi/vec4 3, 0, 3;
    %store/vec4 v00000240b3642d30_0, 0, 3;
    %jmp T_0.14;
T_0.1 ;
    %pushi/vec4 1, 0, 3;
    %store/vec4 v00000240b36432f0_0, 0, 3;
    %pushi/vec4 1, 0, 1;
    %store/vec4 v00000240b3674680_0, 0, 1;
    %pushi/vec4 3, 0, 3;
    %store/vec4 v00000240b3642d30_0, 0, 3;
    %jmp T_0.14;
T_0.2 ;
    %pushi/vec4 2, 0, 3;
    %store/vec4 v00000240b36432f0_0, 0, 3;
    %pushi/vec4 1, 0, 1;
    %store/vec4 v00000240b3674680_0, 0, 1;
    %pushi/vec4 3, 0, 3;
    %store/vec4 v00000240b3642d30_0, 0, 3;
    %jmp T_0.14;
T_0.3 ;
    %pushi/vec4 3, 0, 3;
    %store/vec4 v00000240b36432f0_0, 0, 3;
    %pushi/vec4 3, 0, 3;
    %store/vec4 v00000240b3642d30_0, 0, 3;
    %jmp T_0.14;
T_0.4 ;
    %pushi/vec4 4, 0, 3;
    %store/vec4 v00000240b36432f0_0, 0, 3;
    %pushi/vec4 1, 0, 1;
    %store/vec4 v00000240b3674680_0, 0, 1;
    %pushi/vec4 3, 0, 3;
    %store/vec4 v00000240b3642d30_0, 0, 3;
    %jmp T_0.14;
T_0.5 ;
    %pushi/vec4 5, 0, 3;
    %store/vec4 v00000240b36432f0_0, 0, 3;
    %pushi/vec4 3, 0, 3;
    %store/vec4 v00000240b3642d30_0, 0, 3;
    %jmp T_0.14;
T_0.6 ;
    %pushi/vec4 6, 0, 3;
    %store/vec4 v00000240b36432f0_0, 0, 3;
    %pushi/vec4 3, 0, 3;
    %store/vec4 v00000240b3642d30_0, 0, 3;
    %jmp T_0.14;
T_0.7 ;
    %pushi/vec4 7, 0, 3;
    %store/vec4 v00000240b36432f0_0, 0, 3;
    %pushi/vec4 2, 0, 3;
    %store/vec4 v00000240b3642d30_0, 0, 3;
    %jmp T_0.14;
T_0.8 ;
    %pushi/vec4 1, 0, 1;
    %store/vec4 v00000240b36745e0_0, 0, 1;
    %pushi/vec4 4, 0, 3;
    %store/vec4 v00000240b3642d30_0, 0, 3;
    %jmp T_0.14;
T_0.9 ;
    %pushi/vec4 1, 0, 1;
    %store/vec4 v00000240b36744a0_0, 0, 1;
    %jmp T_0.14;
T_0.10 ;
    %pushi/vec4 1, 0, 1;
    %store/vec4 v00000240b3674540_0, 0, 1;
    %jmp T_0.14;
T_0.11 ;
    %pushi/vec4 1, 0, 3;
    %store/vec4 v00000240b36432f0_0, 0, 3;
    %pushi/vec4 3, 0, 3;
    %store/vec4 v00000240b3642d30_0, 0, 3;
    %jmp T_0.14;
T_0.12 ;
    %pushi/vec4 1, 0, 3;
    %store/vec4 v00000240b3642d30_0, 0, 3;
    %jmp T_0.14;
T_0.13 ;
    %pushi/vec4 0, 0, 3;
    %store/vec4 v00000240b3642d30_0, 0, 3;
    %jmp T_0.14;
T_0.14 ;
    %pop/vec4 1;
    %jmp T_0;
    .thread T_0, $push;
# The file index is used to find the file name in the following table.
:file_names 3;
    "N/A";
    "<interactive>";
    "ALUControl.v";
