#! /c/Source/iverilog-install/bin/vvp
:ivl_version "12.0 (devel)" "(s20150603-1110-g18392a46)";
:ivl_delay_selection "TYPICAL";
:vpi_time_precision + 0;
:vpi_module "C:\iverilog\lib\ivl\system.vpi";
:vpi_module "C:\iverilog\lib\ivl\vhdl_sys.vpi";
:vpi_module "C:\iverilog\lib\ivl\vhdl_textio.vpi";
:vpi_module "C:\iverilog\lib\ivl\v2005_math.vpi";
:vpi_module "C:\iverilog\lib\ivl\va_math.vpi";
S_000001c738162ba0 .scope module, "divisor" "divisor" 2 1;
 .timescale 0 0;
    .port_info 0 /INPUT 1 "divOp";
    .port_info 1 /INPUT 32 "dividend";
    .port_info 2 /INPUT 32 "divisor";
    .port_info 3 /OUTPUT 32 "div_hi";
    .port_info 4 /OUTPUT 32 "div_lo";
v000001c73828bca0_0 .var/i "baixo", 31 0;
v000001c738162ec0_0 .var/i "cima", 31 0;
o000001c738198068 .functor BUFZ 1, C4<z>; HiZ drive
v000001c7381da840_0 .net "divOp", 0 0, o000001c738198068;  0 drivers
v000001c7381da8e0_0 .var "div_hi", 31 0;
v000001c7381da980_0 .var "div_lo", 31 0;
o000001c7381980f8 .functor BUFZ 32, C4<zzzzzzzzzzzzzzzzzzzzzzzzzzzzzzzz>; HiZ drive
v000001c7381daa20_0 .net "dividend", 31 0, o000001c7381980f8;  0 drivers
o000001c738198128 .functor BUFZ 32, C4<zzzzzzzzzzzzzzzzzzzzzzzzzzzzzzzz>; HiZ drive
v000001c7381daac0_0 .net "divisor", 31 0, o000001c738198128;  0 drivers
E_000001c73828aa40 .event posedge, v000001c7381da840_0;
S_000001c738162d30 .scope begin, "$ivl_for_loop0" "$ivl_for_loop0" 2 19, 2 19 0, S_000001c738162ba0;
 .timescale 0 0;
v000001c738163290_0 .var/i "i", 31 0;
    .scope S_000001c738162ba0;
T_0 ;
    %wait E_000001c73828aa40;
    %pushi/vec4 0, 0, 32;
    %store/vec4 v000001c7381da8e0_0, 0, 32;
    %pushi/vec4 0, 0, 32;
    %store/vec4 v000001c7381da980_0, 0, 32;
    %pushi/vec4 0, 0, 32;
    %store/vec4 v000001c738162ec0_0, 0, 32;
    %load/vec4 v000001c7381daac0_0;
    %store/vec4 v000001c73828bca0_0, 0, 32;
    %fork t_1, S_000001c738162d30;
    %jmp t_0;
    .scope S_000001c738162d30;
t_1 ;
    %pushi/vec4 31, 0, 32;
    %store/vec4 v000001c738163290_0, 0, 32;
T_0.0 ;
    %load/vec4 v000001c738163290_0;
    %cmpi/s 0, 0, 32;
    %flag_inv 5; GE is !LT
    %jmp/0xz T_0.1, 5;
    %load/vec4 v000001c7381da8e0_0;
    %ix/load 4, 1, 0;
    %flag_set/imm 4, 0;
    %shiftl 4;
    %store/vec4 v000001c7381da8e0_0, 0, 32;
    %load/vec4 v000001c738162ec0_0;
    %ix/load 4, 1, 0;
    %flag_set/imm 4, 0;
    %shiftl 4;
    %store/vec4 v000001c738162ec0_0, 0, 32;
    %load/vec4 v000001c7381daa20_0;
    %load/vec4 v000001c738163290_0;
    %part/s 1;
    %pad/u 32;
    %cmpi/e 1, 0, 32;
    %jmp/0xz  T_0.2, 4;
    %pushi/vec4 1, 0, 1;
    %ix/load 4, 0, 0;
    %flag_set/imm 4, 0;
    %store/vec4 v000001c738162ec0_0, 4, 1;
T_0.2 ;
    %load/vec4 v000001c73828bca0_0;
    %load/vec4 v000001c738162ec0_0;
    %cmp/s;
    %flag_or 5, 4;
    %jmp/0xz  T_0.4, 5;
    %load/vec4 v000001c7381da8e0_0;
    %addi 1, 0, 32;
    %store/vec4 v000001c7381da8e0_0, 0, 32;
    %load/vec4 v000001c738162ec0_0;
    %load/vec4 v000001c73828bca0_0;
    %sub;
    %store/vec4 v000001c738162ec0_0, 0, 32;
T_0.4 ;
    %load/vec4 v000001c738163290_0;
    %subi 1, 0, 32;
    %store/vec4 v000001c738163290_0, 0, 32;
    %jmp T_0.0;
T_0.1 ;
    %end;
    .scope S_000001c738162ba0;
t_0 %join;
    %load/vec4 v000001c738162ec0_0;
    %store/vec4 v000001c7381da980_0, 0, 32;
    %jmp T_0;
    .thread T_0;
# The file index is used to find the file name in the following table.
:file_names 3;
    "N/A";
    "<interactive>";
    "divisor.v";
