#! /c/Source/iverilog-install/bin/vvp
:ivl_version "12.0 (devel)" "(s20150603-1110-g18392a46)";
:ivl_delay_selection "TYPICAL";
:vpi_time_precision + 0;
:vpi_module "C:\iverilog\lib\ivl\system.vpi";
:vpi_module "C:\iverilog\lib\ivl\vhdl_sys.vpi";
:vpi_module "C:\iverilog\lib\ivl\vhdl_textio.vpi";
:vpi_module "C:\iverilog\lib\ivl\v2005_math.vpi";
:vpi_module "C:\iverilog\lib\ivl\va_math.vpi";
S_000002a646ad2a90 .scope module, "lo" "lo" 2 1;
 .timescale 0 0;
    .port_info 0 /INPUT 2 "StoreMD";
    .port_info 1 /INPUT 32 "mult_lo";
    .port_info 2 /INPUT 32 "div_lo";
    .port_info 3 /OUTPUT 32 "lo";
o000002a646b06fd8 .functor BUFZ 2, C4<zz>; HiZ drive
v000002a646ad3290_0 .net "StoreMD", 1 0, o000002a646b06fd8;  0 drivers
o000002a646b07008 .functor BUFZ 32, C4<zzzzzzzzzzzzzzzzzzzzzzzzzzzzzzzz>; HiZ drive
v000002a646b049a0_0 .net "div_lo", 31 0, o000002a646b07008;  0 drivers
v000002a646ad2c20_0 .var "lo", 31 0;
o000002a646b07068 .functor BUFZ 32, C4<zzzzzzzzzzzzzzzzzzzzzzzzzzzzzzzz>; HiZ drive
v000002a646ad2cc0_0 .net "mult_lo", 31 0, o000002a646b07068;  0 drivers
E_000002a646b04fa0 .event anyedge, v000002a646ad3290_0;
    .scope S_000002a646ad2a90;
T_0 ;
    %wait E_000002a646b04fa0;
    %load/vec4 v000002a646ad3290_0;
    %dup/vec4;
    %pushi/vec4 1, 0, 2;
    %cmp/u;
    %jmp/1 T_0.0, 6;
    %dup/vec4;
    %pushi/vec4 2, 0, 2;
    %cmp/u;
    %jmp/1 T_0.1, 6;
    %jmp T_0.2;
T_0.0 ;
    %load/vec4 v000002a646b049a0_0;
    %store/vec4 v000002a646ad2c20_0, 0, 32;
    %jmp T_0.2;
T_0.1 ;
    %load/vec4 v000002a646ad2cc0_0;
    %store/vec4 v000002a646ad2c20_0, 0, 32;
    %jmp T_0.2;
T_0.2 ;
    %pop/vec4 1;
    %jmp T_0;
    .thread T_0, $push;
# The file index is used to find the file name in the following table.
:file_names 3;
    "N/A";
    "<interactive>";
    "lo.v";
