#! /c/Source/iverilog-install/bin/vvp
:ivl_version "12.0 (devel)" "(s20150603-1110-g18392a46)";
:ivl_delay_selection "TYPICAL";
:vpi_time_precision + 0;
:vpi_module "C:\iverilog\lib\ivl\system.vpi";
:vpi_module "C:\iverilog\lib\ivl\vhdl_sys.vpi";
:vpi_module "C:\iverilog\lib\ivl\vhdl_textio.vpi";
:vpi_module "C:\iverilog\lib\ivl\v2005_math.vpi";
:vpi_module "C:\iverilog\lib\ivl\va_math.vpi";
S_000001ccbac36490 .scope module, "sizehandlerMUX" "sizehandlerMUX" 2 2;
 .timescale 0 0;
    .port_info 0 /INPUT 2 "sel";
    .port_info 1 /INPUT 32 "in0";
    .port_info 2 /INPUT 32 "in1";
    .port_info 3 /INPUT 32 "in2";
    .port_info 4 /INPUT 32 "in3";
    .port_info 5 /OUTPUT 32 "out";
o000001ccbaf06fd8 .functor BUFZ 32, C4<zzzzzzzzzzzzzzzzzzzzzzzzzzzzzzzz>; HiZ drive
v000001ccbac36ba0_0 .net "in0", 31 0, o000001ccbaf06fd8;  0 drivers
o000001ccbaf07008 .functor BUFZ 32, C4<zzzzzzzzzzzzzzzzzzzzzzzzzzzzzzzz>; HiZ drive
v000001ccbac36620_0 .net "in1", 31 0, o000001ccbaf07008;  0 drivers
o000001ccbaf07038 .functor BUFZ 32, C4<zzzzzzzzzzzzzzzzzzzzzzzzzzzzzzzz>; HiZ drive
v000001ccbac366c0_0 .net "in2", 31 0, o000001ccbaf07038;  0 drivers
o000001ccbaf07068 .functor BUFZ 32, C4<zzzzzzzzzzzzzzzzzzzzzzzzzzzzzzzz>; HiZ drive
v000001ccbac36760_0 .net "in3", 31 0, o000001ccbaf07068;  0 drivers
v000001ccbac3b740_0 .var "out", 31 0;
o000001ccbaf070c8 .functor BUFZ 2, C4<zz>; HiZ drive
v000001ccbac3b7e0_0 .net "sel", 1 0, o000001ccbaf070c8;  0 drivers
E_000001ccbaf05da0/0 .event anyedge, v000001ccbac3b7e0_0, v000001ccbac36ba0_0, v000001ccbac36620_0, v000001ccbac366c0_0;
E_000001ccbaf05da0/1 .event anyedge, v000001ccbac36760_0;
E_000001ccbaf05da0 .event/or E_000001ccbaf05da0/0, E_000001ccbaf05da0/1;
    .scope S_000001ccbac36490;
T_0 ;
    %wait E_000001ccbaf05da0;
    %load/vec4 v000001ccbac3b7e0_0;
    %dup/vec4;
    %pushi/vec4 0, 0, 2;
    %cmp/u;
    %jmp/1 T_0.0, 6;
    %dup/vec4;
    %pushi/vec4 1, 0, 2;
    %cmp/u;
    %jmp/1 T_0.1, 6;
    %dup/vec4;
    %pushi/vec4 2, 0, 2;
    %cmp/u;
    %jmp/1 T_0.2, 6;
    %dup/vec4;
    %pushi/vec4 3, 0, 2;
    %cmp/u;
    %jmp/1 T_0.3, 6;
    %pushi/vec4 0, 0, 32;
    %store/vec4 v000001ccbac3b740_0, 0, 32;
    %jmp T_0.5;
T_0.0 ;
    %load/vec4 v000001ccbac36ba0_0;
    %store/vec4 v000001ccbac3b740_0, 0, 32;
    %jmp T_0.5;
T_0.1 ;
    %load/vec4 v000001ccbac36620_0;
    %store/vec4 v000001ccbac3b740_0, 0, 32;
    %jmp T_0.5;
T_0.2 ;
    %load/vec4 v000001ccbac366c0_0;
    %store/vec4 v000001ccbac3b740_0, 0, 32;
    %jmp T_0.5;
T_0.3 ;
    %load/vec4 v000001ccbac36760_0;
    %store/vec4 v000001ccbac3b740_0, 0, 32;
    %jmp T_0.5;
T_0.5 ;
    %pop/vec4 1;
    %jmp T_0;
    .thread T_0, $push;
# The file index is used to find the file name in the following table.
:file_names 3;
    "N/A";
    "<interactive>";
    "modelo_mux.v";
