#! /c/Source/iverilog-install/bin/vvp
:ivl_version "12.0 (devel)" "(s20150603-1110-g18392a46)";
:ivl_delay_selection "TYPICAL";
:vpi_time_precision + 0;
:vpi_module "C:\iverilog\lib\ivl\system.vpi";
:vpi_module "C:\iverilog\lib\ivl\vhdl_sys.vpi";
:vpi_module "C:\iverilog\lib\ivl\vhdl_textio.vpi";
:vpi_module "C:\iverilog\lib\ivl\v2005_math.vpi";
:vpi_module "C:\iverilog\lib\ivl\va_math.vpi";
S_000002388fc6ba30 .scope module, "multiplicador" "multiplicador" 2 2;
 .timescale 0 0;
    .port_info 0 /INPUT 1 "multOp";
    .port_info 1 /INPUT 32 "multiplicand";
    .port_info 2 /INPUT 32 "multiplier";
    .port_info 3 /OUTPUT 32 "mult_hi";
    .port_info 4 /OUTPUT 32 "mult_lo";
v000002388fc6bbc0_0 .var "A", 32 0;
v000002388fc6bc60_0 .var "Q", 32 0;
v000002388fb12c20_0 .var "Q_1", 0 0;
o000002388fb48098 .functor BUFZ 1, C4<z>; HiZ drive
v000002388fb12cc0_0 .net "multOp", 0 0, o000002388fb48098;  0 drivers
v000002388fb12d60_0 .var "mult_hi", 31 0;
v000002388fb12e00_0 .var "mult_lo", 31 0;
o000002388fb48128 .functor BUFZ 32, C4<zzzzzzzzzzzzzzzzzzzzzzzzzzzzzzzz>; HiZ drive
v000002388fb12ea0_0 .net "multiplicand", 31 0, o000002388fb48128;  0 drivers
o000002388fb48158 .functor BUFZ 32, C4<zzzzzzzzzzzzzzzzzzzzzzzzzzzzzzzz>; HiZ drive
v000002388fb8cc50_0 .net "multiplier", 31 0, o000002388fb48158;  0 drivers
E_000002388fc6a850 .event posedge, v000002388fb12cc0_0;
S_000002388fb12a90 .scope begin, "$ivl_for_loop0" "$ivl_for_loop0" 2 19, 2 19 0, S_000002388fc6ba30;
 .timescale 0 0;
v000002388fb132b0_0 .var/i "i", 31 0;
    .scope S_000002388fc6ba30;
T_0 ;
    %wait E_000002388fc6a850;
    %pushi/vec4 0, 0, 1;
    %load/vec4 v000002388fb12ea0_0;
    %concat/vec4; draw_concat_vec4
    %store/vec4 v000002388fc6bbc0_0, 0, 33;
    %pushi/vec4 0, 0, 1;
    %load/vec4 v000002388fb8cc50_0;
    %concat/vec4; draw_concat_vec4
    %store/vec4 v000002388fc6bc60_0, 0, 33;
    %pushi/vec4 0, 0, 1;
    %store/vec4 v000002388fb12c20_0, 0, 1;
    %fork t_1, S_000002388fb12a90;
    %jmp t_0;
    .scope S_000002388fb12a90;
t_1 ;
    %pushi/vec4 0, 0, 32;
    %store/vec4 v000002388fb132b0_0, 0, 32;
T_0.0 ;
    %load/vec4 v000002388fb132b0_0;
    %cmpi/s 32, 0, 32;
    %jmp/0xz T_0.1, 5;
    %load/vec4 v000002388fc6bc60_0;
    %parti/s 1, 0, 2;
    %load/vec4 v000002388fb12c20_0;
    %concat/vec4; draw_concat_vec4
    %dup/vec4;
    %pushi/vec4 1, 0, 2;
    %cmp/u;
    %jmp/1 T_0.2, 6;
    %dup/vec4;
    %pushi/vec4 2, 0, 2;
    %cmp/u;
    %jmp/1 T_0.3, 6;
    %jmp T_0.5;
T_0.2 ;
    %load/vec4 v000002388fc6bbc0_0;
    %load/vec4 v000002388fb12ea0_0;
    %pad/u 33;
    %add;
    %store/vec4 v000002388fc6bbc0_0, 0, 33;
    %jmp T_0.5;
T_0.3 ;
    %load/vec4 v000002388fc6bbc0_0;
    %load/vec4 v000002388fb12ea0_0;
    %pad/u 33;
    %sub;
    %store/vec4 v000002388fc6bbc0_0, 0, 33;
    %jmp T_0.5;
T_0.5 ;
    %pop/vec4 1;
    %load/vec4 v000002388fc6bbc0_0;
    %parti/s 1, 31, 6;
    %load/vec4 v000002388fc6bbc0_0;
    %concat/vec4; draw_concat_vec4
    %load/vec4 v000002388fc6bc60_0;
    %concat/vec4; draw_concat_vec4
    %split/vec4 1;
    %store/vec4 v000002388fb12c20_0, 0, 1;
    %split/vec4 33;
    %store/vec4 v000002388fc6bc60_0, 0, 33;
    %store/vec4 v000002388fc6bbc0_0, 0, 33;
    %load/vec4 v000002388fb132b0_0;
    %addi 1, 0, 32;
    %store/vec4 v000002388fb132b0_0, 0, 32;
    %jmp T_0.0;
T_0.1 ;
    %end;
    .scope S_000002388fc6ba30;
t_0 %join;
    %load/vec4 v000002388fc6bbc0_0;
    %pad/u 32;
    %store/vec4 v000002388fb12d60_0, 0, 32;
    %load/vec4 v000002388fc6bc60_0;
    %pad/u 32;
    %store/vec4 v000002388fb12e00_0, 0, 32;
    %jmp T_0;
    .thread T_0;
# The file index is used to find the file name in the following table.
:file_names 3;
    "N/A";
    "<interactive>";
    "multiplicador.v";
