#! /c/Source/iverilog-install/bin/vvp
:ivl_version "12.0 (devel)" "(s20150603-1110-g18392a46)";
:ivl_delay_selection "TYPICAL";
:vpi_time_precision + 0;
:vpi_module "C:\iverilog\lib\ivl\system.vpi";
:vpi_module "C:\iverilog\lib\ivl\vhdl_sys.vpi";
:vpi_module "C:\iverilog\lib\ivl\vhdl_textio.vpi";
:vpi_module "C:\iverilog\lib\ivl\v2005_math.vpi";
:vpi_module "C:\iverilog\lib\ivl\va_math.vpi";
S_0000020586376550 .scope module, "aluSrcBMUX" "aluSrcBMUX" 2 1;
 .timescale 0 0;
    .port_info 0 /INPUT 3 "alusrcb";
    .port_info 1 /INPUT 32 "b";
    .port_info 2 /INPUT 32 "sign_extend";
    .port_info 3 /INPUT 32 "sign_extend_sl2";
    .port_info 4 /INPUT 32 "memorydataregister";
    .port_info 5 /OUTPUT 32 "out";
o00000205863c6fd8 .functor BUFZ 3, C4<zzz>; HiZ drive
v0000020586376c80_0 .net "alusrcb", 2 0, o00000205863c6fd8;  0 drivers
o00000205863c7008 .functor BUFZ 32, C4<zzzzzzzzzzzzzzzzzzzzzzzzzzzzzzzz>; HiZ drive
v00000205863766e0_0 .net "b", 31 0, o00000205863c7008;  0 drivers
o00000205863c7038 .functor BUFZ 32, C4<zzzzzzzzzzzzzzzzzzzzzzzzzzzzzzzz>; HiZ drive
v0000020586376780_0 .net "memorydataregister", 31 0, o00000205863c7038;  0 drivers
v0000020586376820_0 .var "out", 31 0;
o00000205863c7098 .functor BUFZ 32, C4<zzzzzzzzzzzzzzzzzzzzzzzzzzzzzzzz>; HiZ drive
v000002058637b880_0 .net "sign_extend", 31 0, o00000205863c7098;  0 drivers
o00000205863c70c8 .functor BUFZ 32, C4<zzzzzzzzzzzzzzzzzzzzzzzzzzzzzzzz>; HiZ drive
v000002058637b920_0 .net "sign_extend_sl2", 31 0, o00000205863c70c8;  0 drivers
E_000002058637c900/0 .event anyedge, v0000020586376c80_0, v00000205863766e0_0, v000002058637b880_0, v000002058637b920_0;
E_000002058637c900/1 .event anyedge, v0000020586376780_0;
E_000002058637c900 .event/or E_000002058637c900/0, E_000002058637c900/1;
    .scope S_0000020586376550;
T_0 ;
    %wait E_000002058637c900;
    %load/vec4 v0000020586376c80_0;
    %dup/vec4;
    %pushi/vec4 0, 0, 3;
    %cmp/u;
    %jmp/1 T_0.0, 6;
    %dup/vec4;
    %pushi/vec4 1, 0, 3;
    %cmp/u;
    %jmp/1 T_0.1, 6;
    %dup/vec4;
    %pushi/vec4 2, 0, 3;
    %cmp/u;
    %jmp/1 T_0.2, 6;
    %dup/vec4;
    %pushi/vec4 3, 0, 3;
    %cmp/u;
    %jmp/1 T_0.3, 6;
    %dup/vec4;
    %pushi/vec4 4, 0, 3;
    %cmp/u;
    %jmp/1 T_0.4, 6;
    %pushi/vec4 0, 0, 32;
    %store/vec4 v0000020586376820_0, 0, 32;
    %jmp T_0.6;
T_0.0 ;
    %load/vec4 v00000205863766e0_0;
    %store/vec4 v0000020586376820_0, 0, 32;
    %jmp T_0.6;
T_0.1 ;
    %pushi/vec4 4, 0, 32;
    %store/vec4 v0000020586376820_0, 0, 32;
    %jmp T_0.6;
T_0.2 ;
    %load/vec4 v000002058637b880_0;
    %store/vec4 v0000020586376820_0, 0, 32;
    %jmp T_0.6;
T_0.3 ;
    %load/vec4 v000002058637b920_0;
    %store/vec4 v0000020586376820_0, 0, 32;
    %jmp T_0.6;
T_0.4 ;
    %load/vec4 v0000020586376780_0;
    %store/vec4 v0000020586376820_0, 0, 32;
    %jmp T_0.6;
T_0.6 ;
    %pop/vec4 1;
    %jmp T_0;
    .thread T_0, $push;
# The file index is used to find the file name in the following table.
:file_names 3;
    "N/A";
    "<interactive>";
    "mux_alusrcb";
