#! /c/Source/iverilog-install/bin/vvp
:ivl_version "12.0 (devel)" "(s20150603-1110-g18392a46)";
:ivl_delay_selection "TYPICAL";
:vpi_time_precision + 0;
:vpi_module "C:\iverilog\lib\ivl\system.vpi";
:vpi_module "C:\iverilog\lib\ivl\vhdl_sys.vpi";
:vpi_module "C:\iverilog\lib\ivl\vhdl_textio.vpi";
:vpi_module "C:\iverilog\lib\ivl\v2005_math.vpi";
:vpi_module "C:\iverilog\lib\ivl\va_math.vpi";
S_00000262c9d76c50 .scope module, "aluSrcAMUX" "aluSrcAMUX" 2 1;
 .timescale 0 0;
    .port_info 0 /INPUT 1 "alusrca";
    .port_info 1 /INPUT 32 "pc";
    .port_info 2 /INPUT 32 "a";
    .port_info 3 /OUTPUT 32 "out";
o00000262c9d76de8 .functor BUFZ 32, C4<zzzzzzzzzzzzzzzzzzzzzzzzzzzzzzzz>; HiZ drive
v00000262c9d26b10_0 .net "a", 31 0, o00000262c9d76de8;  0 drivers
o00000262c9d76e18 .functor BUFZ 1, C4<z>; HiZ drive
v00000262c9d26ea0_0 .net "alusrca", 0 0, o00000262c9d76e18;  0 drivers
v00000262c9d26850_0 .var "out", 31 0;
o00000262c9d76e78 .functor BUFZ 32, C4<zzzzzzzzzzzzzzzzzzzzzzzzzzzzzzzz>; HiZ drive
v00000262c9d2dbb0_0 .net "pc", 31 0, o00000262c9d76e78;  0 drivers
E_00000262c9d75060 .event anyedge, v00000262c9d26ea0_0, v00000262c9d2dbb0_0, v00000262c9d26b10_0;
    .scope S_00000262c9d76c50;
T_0 ;
    %wait E_00000262c9d75060;
    %load/vec4 v00000262c9d26ea0_0;
    %dup/vec4;
    %pushi/vec4 0, 0, 1;
    %cmp/u;
    %jmp/1 T_0.0, 6;
    %dup/vec4;
    %pushi/vec4 1, 0, 1;
    %cmp/u;
    %jmp/1 T_0.1, 6;
    %pushi/vec4 0, 0, 32;
    %store/vec4 v00000262c9d26850_0, 0, 32;
    %jmp T_0.3;
T_0.0 ;
    %load/vec4 v00000262c9d2dbb0_0;
    %store/vec4 v00000262c9d26850_0, 0, 32;
    %jmp T_0.3;
T_0.1 ;
    %load/vec4 v00000262c9d26b10_0;
    %store/vec4 v00000262c9d26850_0, 0, 32;
    %jmp T_0.3;
T_0.3 ;
    %pop/vec4 1;
    %jmp T_0;
    .thread T_0, $push;
# The file index is used to find the file name in the following table.
:file_names 3;
    "N/A";
    "<interactive>";
    "mux_alusrca";
