#! /c/Source/iverilog-install/bin/vvp
:ivl_version "12.0 (devel)" "(s20150603-1110-g18392a46)";
:ivl_delay_selection "TYPICAL";
:vpi_time_precision + 0;
:vpi_module "C:\iverilog\lib\ivl\system.vpi";
:vpi_module "C:\iverilog\lib\ivl\vhdl_sys.vpi";
:vpi_module "C:\iverilog\lib\ivl\vhdl_textio.vpi";
:vpi_module "C:\iverilog\lib\ivl\v2005_math.vpi";
:vpi_module "C:\iverilog\lib\ivl\va_math.vpi";
S_0000025966ac2ba0 .scope module, "sllsrcAMUX" "sllsrcAMUX" 2 1;
 .timescale 0 0;
    .port_info 0 /INPUT 2 "SLLSrcA";
    .port_info 1 /INPUT 32 "A";
    .port_info 2 /INPUT 32 "imediato";
    .port_info 3 /INPUT 32 "B";
    .port_info 4 /OUTPUT 32 "out";
o0000025966af6fd8 .functor BUFZ 32, C4<zzzzzzzzzzzzzzzzzzzzzzzzzzzzzzzz>; HiZ drive
v0000025966ac32b0_0 .net "A", 31 0, o0000025966af6fd8;  0 drivers
o0000025966af7008 .functor BUFZ 32, C4<zzzzzzzzzzzzzzzzzzzzzzzzzzzzzzzz>; HiZ drive
v0000025966aaef00_0 .net "B", 31 0, o0000025966af7008;  0 drivers
o0000025966af7038 .functor BUFZ 2, C4<zz>; HiZ drive
v0000025966ac2d30_0 .net "SLLSrcA", 1 0, o0000025966af7038;  0 drivers
o0000025966af7068 .functor BUFZ 32, C4<zzzzzzzzzzzzzzzzzzzzzzzzzzzzzzzz>; HiZ drive
v0000025966ac2dd0_0 .net "imediato", 31 0, o0000025966af7068;  0 drivers
v0000025966ac2e70_0 .var "out", 31 0;
E_0000025966aa8140 .event anyedge, v0000025966ac2d30_0, v0000025966ac32b0_0, v0000025966ac2dd0_0, v0000025966aaef00_0;
    .scope S_0000025966ac2ba0;
T_0 ;
    %wait E_0000025966aa8140;
    %load/vec4 v0000025966ac2d30_0;
    %dup/vec4;
    %pushi/vec4 0, 0, 2;
    %cmp/u;
    %jmp/1 T_0.0, 6;
    %dup/vec4;
    %pushi/vec4 1, 0, 2;
    %cmp/u;
    %jmp/1 T_0.1, 6;
    %dup/vec4;
    %pushi/vec4 2, 0, 2;
    %cmp/u;
    %jmp/1 T_0.2, 6;
    %pushi/vec4 0, 0, 32;
    %store/vec4 v0000025966ac2e70_0, 0, 32;
    %jmp T_0.4;
T_0.0 ;
    %load/vec4 v0000025966ac32b0_0;
    %store/vec4 v0000025966ac2e70_0, 0, 32;
    %jmp T_0.4;
T_0.1 ;
    %load/vec4 v0000025966ac2dd0_0;
    %store/vec4 v0000025966ac2e70_0, 0, 32;
    %jmp T_0.4;
T_0.2 ;
    %load/vec4 v0000025966aaef00_0;
    %store/vec4 v0000025966ac2e70_0, 0, 32;
    %jmp T_0.4;
T_0.4 ;
    %pop/vec4 1;
    %jmp T_0;
    .thread T_0, $push;
# The file index is used to find the file name in the following table.
:file_names 3;
    "N/A";
    "<interactive>";
    "mux_sllsrca.v";
