#! /c/Source/iverilog-install/bin/vvp
:ivl_version "12.0 (devel)" "(s20150603-1110-g18392a46)";
:ivl_delay_selection "TYPICAL";
:vpi_time_precision + 0;
:vpi_module "C:\iverilog\lib\ivl\system.vpi";
:vpi_module "C:\iverilog\lib\ivl\vhdl_sys.vpi";
:vpi_module "C:\iverilog\lib\ivl\vhdl_textio.vpi";
:vpi_module "C:\iverilog\lib\ivl\v2005_math.vpi";
:vpi_module "C:\iverilog\lib\ivl\va_math.vpi";
S_00000202df432ba0 .scope module, "conditionHandlerMUX" "conditionHandlerMUX" 2 1;
 .timescale 0 0;
    .port_info 0 /INPUT 2 "CondType";
    .port_info 1 /INPUT 1 "NE";
    .port_info 2 /INPUT 1 "EQ";
    .port_info 3 /INPUT 1 "LE";
    .port_info 4 /INPUT 1 "GT";
    .port_info 5 /OUTPUT 1 "out";
o00000202df466fb8 .functor BUFZ 2, C4<zz>; HiZ drive
v00000202df4649a0_0 .net "CondType", 1 0, o00000202df466fb8;  0 drivers
o00000202df466fe8 .functor BUFZ 1, C4<z>; HiZ drive
v00000202df432d30_0 .net "EQ", 0 0, o00000202df466fe8;  0 drivers
o00000202df467018 .functor BUFZ 1, C4<z>; HiZ drive
v00000202df432dd0_0 .net "GT", 0 0, o00000202df467018;  0 drivers
o00000202df467048 .functor BUFZ 1, C4<z>; HiZ drive
v00000202df432e70_0 .net "LE", 0 0, o00000202df467048;  0 drivers
o00000202df467078 .functor BUFZ 1, C4<z>; HiZ drive
v00000202df41b6f0_0 .net "NE", 0 0, o00000202df467078;  0 drivers
v00000202df41b790_0 .var "out", 0 0;
E_00000202df41c2d0/0 .event anyedge, v00000202df4649a0_0, v00000202df41b6f0_0, v00000202df432d30_0, v00000202df432e70_0;
E_00000202df41c2d0/1 .event anyedge, v00000202df432dd0_0;
E_00000202df41c2d0 .event/or E_00000202df41c2d0/0, E_00000202df41c2d0/1;
    .scope S_00000202df432ba0;
T_0 ;
    %wait E_00000202df41c2d0;
    %load/vec4 v00000202df4649a0_0;
    %dup/vec4;
    %pushi/vec4 0, 0, 2;
    %cmp/u;
    %jmp/1 T_0.0, 6;
    %dup/vec4;
    %pushi/vec4 1, 0, 2;
    %cmp/u;
    %jmp/1 T_0.1, 6;
    %dup/vec4;
    %pushi/vec4 2, 0, 2;
    %cmp/u;
    %jmp/1 T_0.2, 6;
    %dup/vec4;
    %pushi/vec4 3, 0, 2;
    %cmp/u;
    %jmp/1 T_0.3, 6;
    %pushi/vec4 0, 0, 1;
    %store/vec4 v00000202df41b790_0, 0, 1;
    %jmp T_0.5;
T_0.0 ;
    %load/vec4 v00000202df41b6f0_0;
    %store/vec4 v00000202df41b790_0, 0, 1;
    %jmp T_0.5;
T_0.1 ;
    %load/vec4 v00000202df432d30_0;
    %store/vec4 v00000202df41b790_0, 0, 1;
    %jmp T_0.5;
T_0.2 ;
    %load/vec4 v00000202df432e70_0;
    %store/vec4 v00000202df41b790_0, 0, 1;
    %jmp T_0.5;
T_0.3 ;
    %load/vec4 v00000202df432dd0_0;
    %store/vec4 v00000202df41b790_0, 0, 1;
    %jmp T_0.5;
T_0.5 ;
    %pop/vec4 1;
    %jmp T_0;
    .thread T_0, $push;
# The file index is used to find the file name in the following table.
:file_names 3;
    "N/A";
    "<interactive>";
    "mux_condition_handler.v";
