#! /c/Source/iverilog-install/bin/vvp
:ivl_version "12.0 (devel)" "(s20150603-1110-g18392a46)";
:ivl_delay_selection "TYPICAL";
:vpi_time_precision + 0;
:vpi_module "C:\iverilog\lib\ivl\system.vpi";
:vpi_module "C:\iverilog\lib\ivl\vhdl_sys.vpi";
:vpi_module "C:\iverilog\lib\ivl\vhdl_textio.vpi";
:vpi_module "C:\iverilog\lib\ivl\v2005_math.vpi";
:vpi_module "C:\iverilog\lib\ivl\va_math.vpi";
S_0000019f4a722a90 .scope module, "MUXIorD" "MUXIorD" 2 2;
 .timescale 0 0;
    .port_info 0 /INPUT 1 "sel";
    .port_info 1 /INPUT 32 "PC";
    .port_info 2 /INPUT 32 "AluOut";
    .port_info 3 /OUTPUT 32 "out";
o0000019f4a756f78 .functor BUFZ 32, C4<zzzzzzzzzzzzzzzzzzzzzzzzzzzzzzzz>; HiZ drive
v0000019f4a723290_0 .net "AluOut", 31 0, o0000019f4a756f78;  0 drivers
o0000019f4a756fa8 .functor BUFZ 32, C4<zzzzzzzzzzzzzzzzzzzzzzzzzzzzzzzz>; HiZ drive
v0000019f4a722c20_0 .net "PC", 31 0, o0000019f4a756fa8;  0 drivers
v0000019f4a722cc0_0 .net *"_ivl_0", 31 0, L_0000019f4a7518b0;  1 drivers
L_0000019f4a7a0088 .functor BUFT 1, C4<0000000000000000000000000000000>, C4<0>, C4<0>, C4<0>;
v0000019f4a722d60_0 .net *"_ivl_11", 30 0, L_0000019f4a7a0088;  1 drivers
L_0000019f4a7a00d0 .functor BUFT 1, C4<00000000000000000000000000000001>, C4<0>, C4<0>, C4<0>;
v0000019f4a722e00_0 .net/2u *"_ivl_12", 31 0, L_0000019f4a7a00d0;  1 drivers
v0000019f4a722ea0_0 .net *"_ivl_14", 0 0, L_0000019f4a751e50;  1 drivers
L_0000019f4a7a0118 .functor BUFT 1, C4<00000000000000000000000000000000>, C4<0>, C4<0>, C4<0>;
v0000019f4a69e950_0 .net/2u *"_ivl_16", 31 0, L_0000019f4a7a0118;  1 drivers
v0000019f4a69e9f0_0 .net *"_ivl_18", 31 0, L_0000019f4a751a90;  1 drivers
L_0000019f4a79fff8 .functor BUFT 1, C4<0000000000000000000000000000000>, C4<0>, C4<0>, C4<0>;
v0000019f4a69ea90_0 .net *"_ivl_3", 30 0, L_0000019f4a79fff8;  1 drivers
L_0000019f4a7a0040 .functor BUFT 1, C4<00000000000000000000000000000000>, C4<0>, C4<0>, C4<0>;
v0000019f4a751f90_0 .net/2u *"_ivl_4", 31 0, L_0000019f4a7a0040;  1 drivers
v0000019f4a752670_0 .net *"_ivl_6", 0 0, L_0000019f4a751b30;  1 drivers
v0000019f4a7527b0_0 .net *"_ivl_8", 31 0, L_0000019f4a7523f0;  1 drivers
v0000019f4a752710_0 .net "out", 31 0, L_0000019f4a7519f0;  1 drivers
o0000019f4a7571e8 .functor BUFZ 1, C4<z>; HiZ drive
v0000019f4a751bd0_0 .net "sel", 0 0, o0000019f4a7571e8;  0 drivers
L_0000019f4a7518b0 .concat [ 1 31 0 0], o0000019f4a7571e8, L_0000019f4a79fff8;
L_0000019f4a751b30 .cmp/eq 32, L_0000019f4a7518b0, L_0000019f4a7a0040;
L_0000019f4a7523f0 .concat [ 1 31 0 0], o0000019f4a7571e8, L_0000019f4a7a0088;
L_0000019f4a751e50 .cmp/eq 32, L_0000019f4a7523f0, L_0000019f4a7a00d0;
L_0000019f4a751a90 .functor MUXZ 32, L_0000019f4a7a0118, o0000019f4a756f78, L_0000019f4a751e50, C4<>;
L_0000019f4a7519f0 .functor MUXZ 32, L_0000019f4a751a90, o0000019f4a756fa8, L_0000019f4a751b30, C4<>;
# The file index is used to find the file name in the following table.
:file_names 3;
    "N/A";
    "<interactive>";
    "mux_IorD.v";
