#! /c/Source/iverilog-install/bin/vvp
:ivl_version "12.0 (devel)" "(s20150603-1110-g18392a46)";
:ivl_delay_selection "TYPICAL";
:vpi_time_precision + 0;
:vpi_module "C:\iverilog\lib\ivl\system.vpi";
:vpi_module "C:\iverilog\lib\ivl\vhdl_sys.vpi";
:vpi_module "C:\iverilog\lib\ivl\vhdl_textio.vpi";
:vpi_module "C:\iverilog\lib\ivl\v2005_math.vpi";
:vpi_module "C:\iverilog\lib\ivl\va_math.vpi";
S_0000026b2cfc2ba0 .scope module, "MUXSrcAddr" "MUXSrcAddr" 2 2;
 .timescale 0 0;
    .port_info 0 /INPUT 3 "sel";
    .port_info 1 /INPUT 32 "IorD_out";
    .port_info 2 /INPUT 32 "A";
    .port_info 3 /INPUT 32 "B";
    .port_info 4 /OUTPUT 32 "out";
o0000026b2cff6fa8 .functor BUFZ 32, C4<zzzzzzzzzzzzzzzzzzzzzzzzzzzzzzzz>; HiZ drive
v0000026b2cfc32d0_0 .net "A", 31 0, o0000026b2cff6fa8;  0 drivers
o0000026b2cff6fd8 .functor BUFZ 32, C4<zzzzzzzzzzzzzzzzzzzzzzzzzzzzzzzz>; HiZ drive
v0000026b2cfabc90_0 .net "B", 31 0, o0000026b2cff6fd8;  0 drivers
o0000026b2cff7008 .functor BUFZ 32, C4<zzzzzzzzzzzzzzzzzzzzzzzzzzzzzzzz>; HiZ drive
v0000026b2cfc2d30_0 .net "IorD_out", 31 0, o0000026b2cff7008;  0 drivers
v0000026b2cfc2dd0_0 .var "out", 31 0;
o0000026b2cff7068 .functor BUFZ 3, C4<zzz>; HiZ drive
v0000026b2cfc2e70_0 .net "sel", 2 0, o0000026b2cff7068;  0 drivers
E_0000026b2cfac160 .event anyedge, v0000026b2cfc2e70_0, v0000026b2cfc2d30_0, v0000026b2cfc32d0_0, v0000026b2cfabc90_0;
    .scope S_0000026b2cfc2ba0;
T_0 ;
    %wait E_0000026b2cfac160;
    %load/vec4 v0000026b2cfc2e70_0;
    %dup/vec4;
    %pushi/vec4 0, 0, 3;
    %cmp/u;
    %jmp/1 T_0.0, 6;
    %dup/vec4;
    %pushi/vec4 1, 0, 3;
    %cmp/u;
    %jmp/1 T_0.1, 6;
    %dup/vec4;
    %pushi/vec4 2, 0, 3;
    %cmp/u;
    %jmp/1 T_0.2, 6;
    %dup/vec4;
    %pushi/vec4 3, 0, 3;
    %cmp/u;
    %jmp/1 T_0.3, 6;
    %dup/vec4;
    %pushi/vec4 5, 0, 3;
    %cmp/u;
    %jmp/1 T_0.4, 6;
    %dup/vec4;
    %pushi/vec4 6, 0, 3;
    %cmp/u;
    %jmp/1 T_0.5, 6;
    %pushi/vec4 0, 0, 32;
    %store/vec4 v0000026b2cfc2dd0_0, 0, 32;
    %jmp T_0.7;
T_0.0 ;
    %load/vec4 v0000026b2cfc2d30_0;
    %store/vec4 v0000026b2cfc2dd0_0, 0, 32;
    %jmp T_0.7;
T_0.1 ;
    %pushi/vec4 253, 0, 32;
    %store/vec4 v0000026b2cfc2dd0_0, 0, 32;
    %jmp T_0.7;
T_0.2 ;
    %pushi/vec4 254, 0, 32;
    %store/vec4 v0000026b2cfc2dd0_0, 0, 32;
    %jmp T_0.7;
T_0.3 ;
    %pushi/vec4 255, 0, 32;
    %store/vec4 v0000026b2cfc2dd0_0, 0, 32;
    %jmp T_0.7;
T_0.4 ;
    %load/vec4 v0000026b2cfc32d0_0;
    %store/vec4 v0000026b2cfc2dd0_0, 0, 32;
    %jmp T_0.7;
T_0.5 ;
    %load/vec4 v0000026b2cfabc90_0;
    %store/vec4 v0000026b2cfc2dd0_0, 0, 32;
    %jmp T_0.7;
T_0.7 ;
    %pop/vec4 1;
    %jmp T_0;
    .thread T_0, $push;
# The file index is used to find the file name in the following table.
:file_names 3;
    "N/A";
    "<interactive>";
    "mux_srcaddr.v";
