#! /c/Source/iverilog-install/bin/vvp
:ivl_version "12.0 (devel)" "(s20150603-1110-g18392a46)";
:ivl_delay_selection "TYPICAL";
:vpi_time_precision + 0;
:vpi_module "C:\iverilog\lib\ivl\system.vpi";
:vpi_module "C:\iverilog\lib\ivl\vhdl_sys.vpi";
:vpi_module "C:\iverilog\lib\ivl\vhdl_textio.vpi";
:vpi_module "C:\iverilog\lib\ivl\v2005_math.vpi";
:vpi_module "C:\iverilog\lib\ivl\va_math.vpi";
S_00000181de5d2ba0 .scope module, "sllsrcBMUX" "sllsrcBMUX" 2 1;
 .timescale 0 0;
    .port_info 0 /INPUT 2 "SLLSrcB";
    .port_info 1 /INPUT 5 "B";
    .port_info 2 /INPUT 5 "Instruction";
    .port_info 3 /OUTPUT 5 "out";
o00000181de606f98 .functor BUFZ 5, C4<zzzzz>; HiZ drive
v00000181de5d32b0_0 .net "B", 4 0, o00000181de606f98;  0 drivers
o00000181de606fc8 .functor BUFZ 5, C4<zzzzz>; HiZ drive
v00000181de604350_0 .net "Instruction", 4 0, o00000181de606fc8;  0 drivers
o00000181de606ff8 .functor BUFZ 2, C4<zz>; HiZ drive
v00000181de604710_0 .net "SLLSrcB", 1 0, o00000181de606ff8;  0 drivers
v00000181de603810_0 .net *"_ivl_0", 31 0, L_00000181de64ae20;  1 drivers
L_00000181de64c8d8 .functor BUFT 1, C4<000000000000000000000000000000>, C4<0>, C4<0>, C4<0>;
v00000181de6038b0_0 .net *"_ivl_11", 29 0, L_00000181de64c8d8;  1 drivers
L_00000181de64c920 .functor BUFT 1, C4<00000000000000000000000000000001>, C4<0>, C4<0>, C4<0>;
v00000181de604210_0 .net/2u *"_ivl_12", 31 0, L_00000181de64c920;  1 drivers
v00000181de604530_0 .net *"_ivl_14", 0 0, L_00000181de64b0a0;  1 drivers
L_00000181de64c968 .functor BUFT 1, C4<10000>, C4<0>, C4<0>, C4<0>;
v00000181de6043f0_0 .net/2u *"_ivl_16", 4 0, L_00000181de64c968;  1 drivers
v00000181de603db0_0 .net *"_ivl_18", 31 0, L_00000181de64b500;  1 drivers
L_00000181de64c9b0 .functor BUFT 1, C4<000000000000000000000000000000>, C4<0>, C4<0>, C4<0>;
v00000181de6042b0_0 .net *"_ivl_21", 29 0, L_00000181de64c9b0;  1 drivers
L_00000181de64c9f8 .functor BUFT 1, C4<00000000000000000000000000000010>, C4<0>, C4<0>, C4<0>;
v00000181de604490_0 .net/2u *"_ivl_22", 31 0, L_00000181de64c9f8;  1 drivers
v00000181de603e50_0 .net *"_ivl_24", 0 0, L_00000181de64b820;  1 drivers
v00000181de603d10_0 .net *"_ivl_26", 31 0, L_00000181de64c5e0;  1 drivers
L_00000181de64ca40 .functor BUFT 1, C4<000000000000000000000000000000>, C4<0>, C4<0>, C4<0>;
v00000181de6045d0_0 .net *"_ivl_29", 29 0, L_00000181de64ca40;  1 drivers
L_00000181de64c848 .functor BUFT 1, C4<000000000000000000000000000000>, C4<0>, C4<0>, C4<0>;
v00000181de604670_0 .net *"_ivl_3", 29 0, L_00000181de64c848;  1 drivers
L_00000181de64ca88 .functor BUFT 1, C4<00000000000000000000000000000011>, C4<0>, C4<0>, C4<0>;
v00000181de603950_0 .net/2u *"_ivl_30", 31 0, L_00000181de64ca88;  1 drivers
v00000181de6040d0_0 .net *"_ivl_32", 0 0, L_00000181de64c400;  1 drivers
L_00000181de64cad0 .functor BUFT 1, C4<00000>, C4<0>, C4<0>, C4<0>;
v00000181de604170_0 .net/2u *"_ivl_34", 4 0, L_00000181de64cad0;  1 drivers
L_00000181de64cb18 .functor BUFT 1, C4<00000>, C4<0>, C4<0>, C4<0>;
v00000181de6039f0_0 .net/2u *"_ivl_36", 4 0, L_00000181de64cb18;  1 drivers
v00000181de604030_0 .net *"_ivl_38", 4 0, L_00000181de64b8c0;  1 drivers
L_00000181de64c890 .functor BUFT 1, C4<00000000000000000000000000000000>, C4<0>, C4<0>, C4<0>;
v00000181de603a90_0 .net/2u *"_ivl_4", 31 0, L_00000181de64c890;  1 drivers
v00000181de603b30_0 .net *"_ivl_40", 4 0, L_00000181de64c680;  1 drivers
v00000181de603ef0_0 .net *"_ivl_42", 4 0, L_00000181de64c720;  1 drivers
v00000181de603bd0_0 .net *"_ivl_6", 0 0, L_00000181de64c360;  1 drivers
v00000181de603c70_0 .net *"_ivl_8", 31 0, L_00000181de64c180;  1 drivers
v00000181de603f90_0 .net "out", 4 0, L_00000181de64c4a0;  1 drivers
L_00000181de64ae20 .concat [ 2 30 0 0], o00000181de606ff8, L_00000181de64c848;
L_00000181de64c360 .cmp/eq 32, L_00000181de64ae20, L_00000181de64c890;
L_00000181de64c180 .concat [ 2 30 0 0], o00000181de606ff8, L_00000181de64c8d8;
L_00000181de64b0a0 .cmp/eq 32, L_00000181de64c180, L_00000181de64c920;
L_00000181de64b500 .concat [ 2 30 0 0], o00000181de606ff8, L_00000181de64c9b0;
L_00000181de64b820 .cmp/eq 32, L_00000181de64b500, L_00000181de64c9f8;
L_00000181de64c5e0 .concat [ 2 30 0 0], o00000181de606ff8, L_00000181de64ca40;
L_00000181de64c400 .cmp/eq 32, L_00000181de64c5e0, L_00000181de64ca88;
L_00000181de64b8c0 .functor MUXZ 5, L_00000181de64cb18, L_00000181de64cad0, L_00000181de64c400, C4<>;
L_00000181de64c680 .functor MUXZ 5, L_00000181de64b8c0, o00000181de606fc8, L_00000181de64b820, C4<>;
L_00000181de64c720 .functor MUXZ 5, L_00000181de64c680, L_00000181de64c968, L_00000181de64b0a0, C4<>;
L_00000181de64c4a0 .functor MUXZ 5, L_00000181de64c720, o00000181de606f98, L_00000181de64c360, C4<>;
# The file index is used to find the file name in the following table.
:file_names 3;
    "N/A";
    "<interactive>";
    "mux_sllsrcb.v";
