#! /c/Source/iverilog-install/bin/vvp
:ivl_version "12.0 (devel)" "(s20150603-1110-g18392a46)";
:ivl_delay_selection "TYPICAL";
:vpi_time_precision + 0;
:vpi_module "C:\iverilog\lib\ivl\system.vpi";
:vpi_module "C:\iverilog\lib\ivl\vhdl_sys.vpi";
:vpi_module "C:\iverilog\lib\ivl\vhdl_textio.vpi";
:vpi_module "C:\iverilog\lib\ivl\v2005_math.vpi";
:vpi_module "C:\iverilog\lib\ivl\va_math.vpi";
S_00000223e5d29660 .scope module, "opcodelogic" "opcodelogic" 2 1;
 .timescale 0 0;
    .port_info 0 /INPUT 6 "opcode";
    .port_info 1 /INPUT 6 "funct";
    .port_info 2 /INPUT 1 "overflowflag";
    .port_info 3 /INPUT 1 "divby0flag";
    .port_info 4 /INPUT 1 "clk";
    .port_info 5 /OUTPUT 1 "PCWriteCond";
    .port_info 6 /OUTPUT 1 "PCWrite";
    .port_info 7 /OUTPUT 1 "IorD";
    .port_info 8 /OUTPUT 3 "SrcAddr";
    .port_info 9 /OUTPUT 1 "WR";
    .port_info 10 /OUTPUT 1 "ResetTrigger";
    .port_info 11 /OUTPUT 1 "SaveTemp";
    .port_info 12 /OUTPUT 3 "MemToReg";
    .port_info 13 /OUTPUT 3 "SizeHandler";
    .port_info 14 /OUTPUT 1 "IRWrite";
    .port_info 15 /OUTPUT 32 "ExceptionAdress";
    .port_info 16 /OUTPUT 1 "DataSource";
    .port_info 17 /OUTPUT 1 "EPCWrite";
    .port_info 18 /OUTPUT 2 "RegDest";
    .port_info 19 /OUTPUT 1 "RegWrite";
    .port_info 20 /OUTPUT 1 "ALUSrcA";
    .port_info 21 /OUTPUT 3 "ALUSrcB";
    .port_info 22 /OUTPUT 1 "AluOutLoad";
    .port_info 23 /OUTPUT 5 "ControlType";
    .port_info 24 /OUTPUT 3 "PCSource";
    .port_info 25 /OUTPUT 2 "SLLSourceA";
    .port_info 26 /OUTPUT 2 "SLLSourceB";
    .port_info 27 /OUTPUT 3 "ShiftType";
v00000223e5d73e80_0 .var "ALUSrcA", 0 0;
v00000223e5d73980_0 .var "ALUSrcB", 2 0;
v00000223e5d72da0_0 .var "AluOutLoad", 0 0;
v00000223e5d724e0_0 .var "ControlType", 4 0;
v00000223e5d735c0_0 .var "DataSource", 0 0;
v00000223e5d72300_0 .var "EPCWrite", 0 0;
v00000223e5d72580_0 .var "ExceptionAdress", 31 0;
v00000223e5d72e40_0 .var "IRWrite", 0 0;
v00000223e5d73660_0 .var "IorD", 0 0;
v00000223e5d73de0_0 .var "MemToReg", 2 0;
v00000223e5d71fe0_0 .var "PCSource", 2 0;
v00000223e5d72940_0 .var "PCWrite", 0 0;
v00000223e5d73840_0 .var "PCWriteCond", 0 0;
v00000223e5d73340_0 .var "RegDest", 1 0;
v00000223e5d728a0_0 .var "RegWrite", 0 0;
v00000223e5d73160_0 .var "ResetTrigger", 0 0;
v00000223e5d72b20_0 .var "SLLSourceA", 1 0;
v00000223e5d73700_0 .var "SLLSourceB", 1 0;
v00000223e5d73200_0 .var "SaveTemp", 0 0;
v00000223e5d73a20_0 .var "ShiftType", 2 0;
v00000223e5d72c60_0 .var "SizeHandler", 2 0;
v00000223e5d72080_0 .var "SrcAddr", 2 0;
v00000223e5d729e0_0 .var "WR", 0 0;
o00000223e5d77c38 .functor BUFZ 1, C4<z>; HiZ drive
v00000223e5d72120_0 .net "clk", 0 0, o00000223e5d77c38;  0 drivers
o00000223e5d77c68 .functor BUFZ 1, C4<z>; HiZ drive
v00000223e5d721c0_0 .net "divby0flag", 0 0, o00000223e5d77c68;  0 drivers
o00000223e5d77c98 .functor BUFZ 6, C4<zzzzzz>; HiZ drive
v00000223e5d72260_0 .net "funct", 5 0, o00000223e5d77c98;  0 drivers
o00000223e5d77cc8 .functor BUFZ 6, C4<zzzzzz>; HiZ drive
v00000223e5d73ac0_0 .net "opcode", 5 0, o00000223e5d77cc8;  0 drivers
v00000223e5d73c00_0 .var/i "opint", 31 0;
o00000223e5d77d28 .functor BUFZ 1, C4<z>; HiZ drive
v00000223e5d73b60_0 .net "overflowflag", 0 0, o00000223e5d77d28;  0 drivers
E_00000223e5d6f230 .event anyedge, v00000223e5d73ac0_0, v00000223e5d73c00_0, v00000223e5d72260_0;
E_00000223e5d6f470 .event posedge, v00000223e5d72120_0;
    .scope S_00000223e5d29660;
T_0 ;
    %wait E_00000223e5d6f230;
    %load/vec4 v00000223e5d73ac0_0;
    %pad/u 32;
    %store/vec4 v00000223e5d73c00_0, 0, 32;
    %load/vec4 v00000223e5d73c00_0;
    %cmpi/e 0, 0, 32;
    %jmp/0xz  T_0.0, 4;
    %load/vec4 v00000223e5d72260_0;
    %dup/vec4;
    %pushi/vec4 4, 0, 6;
    %cmp/u;
    %jmp/1 T_0.2, 6;
    %dup/vec4;
    %pushi/vec4 7, 0, 6;
    %cmp/u;
    %jmp/1 T_0.3, 6;
    %dup/vec4;
    %pushi/vec4 3, 0, 6;
    %cmp/u;
    %jmp/1 T_0.4, 6;
    %dup/vec4;
    %pushi/vec4 2, 0, 6;
    %cmp/u;
    %jmp/1 T_0.5, 6;
    %dup/vec4;
    %pushi/vec4 0, 0, 6;
    %cmp/u;
    %jmp/1 T_0.6, 6;
    %dup/vec4;
    %pushi/vec4 19, 0, 6;
    %cmp/u;
    %jmp/1 T_0.7, 6;
    %dup/vec4;
    %pushi/vec4 13, 0, 6;
    %cmp/u;
    %jmp/1 T_0.8, 6;
    %dup/vec4;
    %pushi/vec4 42, 0, 6;
    %cmp/u;
    %jmp/1 T_0.9, 6;
    %dup/vec4;
    %pushi/vec4 34, 0, 6;
    %cmp/u;
    %jmp/1 T_0.10, 6;
    %dup/vec4;
    %pushi/vec4 32, 0, 6;
    %cmp/u;
    %jmp/1 T_0.11, 6;
    %dup/vec4;
    %pushi/vec4 36, 0, 6;
    %cmp/u;
    %jmp/1 T_0.12, 6;
    %dup/vec4;
    %pushi/vec4 37, 0, 6;
    %cmp/u;
    %jmp/1 T_0.13, 6;
    %dup/vec4;
    %pushi/vec4 26, 0, 6;
    %cmp/u;
    %jmp/1 T_0.14, 6;
    %dup/vec4;
    %pushi/vec4 24, 0, 6;
    %cmp/u;
    %jmp/1 T_0.15, 6;
    %dup/vec4;
    %pushi/vec4 24, 0, 6;
    %cmp/u;
    %jmp/1 T_0.16, 6;
    %dup/vec4;
    %pushi/vec4 16, 0, 6;
    %cmp/u;
    %jmp/1 T_0.17, 6;
    %dup/vec4;
    %pushi/vec4 18, 0, 6;
    %cmp/u;
    %jmp/1 T_0.18, 6;
    %dup/vec4;
    %pushi/vec4 5, 0, 6;
    %cmp/u;
    %jmp/1 T_0.19, 6;
    %jmp T_0.20;
T_0.2 ;
    %pushi/vec4 0, 0, 2;
    %store/vec4 v00000223e5d72b20_0, 0, 2;
    %pushi/vec4 1, 0, 3;
    %store/vec4 v00000223e5d73a20_0, 0, 3;
    %wait E_00000223e5d6f470;
    %pushi/vec4 0, 0, 2;
    %store/vec4 v00000223e5d73700_0, 0, 2;
    %pushi/vec4 2, 0, 3;
    %store/vec4 v00000223e5d73a20_0, 0, 3;
    %pushi/vec4 18, 0, 5;
    %store/vec4 v00000223e5d724e0_0, 0, 5;
    %wait E_00000223e5d6f470;
    %pushi/vec4 0, 0, 3;
    %store/vec4 v00000223e5d73de0_0, 0, 3;
    %pushi/vec4 1, 0, 2;
    %store/vec4 v00000223e5d73340_0, 0, 2;
    %pushi/vec4 1, 0, 1;
    %store/vec4 v00000223e5d728a0_0, 0, 1;
    %jmp T_0.20;
T_0.3 ;
    %pushi/vec4 0, 0, 2;
    %store/vec4 v00000223e5d72b20_0, 0, 2;
    %pushi/vec4 1, 0, 3;
    %store/vec4 v00000223e5d73a20_0, 0, 3;
    %wait E_00000223e5d6f470;
    %pushi/vec4 0, 0, 2;
    %store/vec4 v00000223e5d73700_0, 0, 2;
    %pushi/vec4 4, 0, 3;
    %store/vec4 v00000223e5d73a20_0, 0, 3;
    %pushi/vec4 18, 0, 5;
    %store/vec4 v00000223e5d724e0_0, 0, 5;
    %wait E_00000223e5d6f470;
    %pushi/vec4 0, 0, 3;
    %store/vec4 v00000223e5d73de0_0, 0, 3;
    %pushi/vec4 1, 0, 2;
    %store/vec4 v00000223e5d73340_0, 0, 2;
    %pushi/vec4 1, 0, 1;
    %store/vec4 v00000223e5d728a0_0, 0, 1;
    %jmp T_0.20;
T_0.4 ;
    %pushi/vec4 2, 0, 2;
    %store/vec4 v00000223e5d72b20_0, 0, 2;
    %pushi/vec4 1, 0, 3;
    %store/vec4 v00000223e5d73a20_0, 0, 3;
    %wait E_00000223e5d6f470;
    %pushi/vec4 2, 0, 2;
    %store/vec4 v00000223e5d73700_0, 0, 2;
    %pushi/vec4 4, 0, 3;
    %store/vec4 v00000223e5d73a20_0, 0, 3;
    %pushi/vec4 18, 0, 5;
    %store/vec4 v00000223e5d724e0_0, 0, 5;
    %wait E_00000223e5d6f470;
    %pushi/vec4 0, 0, 3;
    %store/vec4 v00000223e5d73de0_0, 0, 3;
    %pushi/vec4 1, 0, 2;
    %store/vec4 v00000223e5d73340_0, 0, 2;
    %pushi/vec4 1, 0, 1;
    %store/vec4 v00000223e5d728a0_0, 0, 1;
    %jmp T_0.20;
T_0.5 ;
    %pushi/vec4 2, 0, 2;
    %store/vec4 v00000223e5d72b20_0, 0, 2;
    %pushi/vec4 1, 0, 3;
    %store/vec4 v00000223e5d73a20_0, 0, 3;
    %wait E_00000223e5d6f470;
    %pushi/vec4 2, 0, 2;
    %store/vec4 v00000223e5d73700_0, 0, 2;
    %pushi/vec4 3, 0, 3;
    %store/vec4 v00000223e5d73a20_0, 0, 3;
    %pushi/vec4 18, 0, 5;
    %store/vec4 v00000223e5d724e0_0, 0, 5;
    %wait E_00000223e5d6f470;
    %pushi/vec4 0, 0, 3;
    %store/vec4 v00000223e5d73de0_0, 0, 3;
    %pushi/vec4 1, 0, 2;
    %store/vec4 v00000223e5d73340_0, 0, 2;
    %pushi/vec4 1, 0, 1;
    %store/vec4 v00000223e5d728a0_0, 0, 1;
    %jmp T_0.20;
T_0.6 ;
    %pushi/vec4 2, 0, 2;
    %store/vec4 v00000223e5d72b20_0, 0, 2;
    %pushi/vec4 1, 0, 3;
    %store/vec4 v00000223e5d73a20_0, 0, 3;
    %wait E_00000223e5d6f470;
    %pushi/vec4 2, 0, 2;
    %store/vec4 v00000223e5d73700_0, 0, 2;
    %pushi/vec4 2, 0, 3;
    %store/vec4 v00000223e5d73a20_0, 0, 3;
    %pushi/vec4 18, 0, 5;
    %store/vec4 v00000223e5d724e0_0, 0, 5;
    %wait E_00000223e5d6f470;
    %pushi/vec4 0, 0, 3;
    %store/vec4 v00000223e5d73de0_0, 0, 3;
    %pushi/vec4 1, 0, 2;
    %store/vec4 v00000223e5d73340_0, 0, 2;
    %pushi/vec4 1, 0, 1;
    %store/vec4 v00000223e5d728a0_0, 0, 1;
    %jmp T_0.20;
T_0.7 ;
    %pushi/vec4 4, 0, 3;
    %store/vec4 v00000223e5d71fe0_0, 0, 3;
    %pushi/vec4 1, 0, 1;
    %store/vec4 v00000223e5d72940_0, 0, 1;
    %jmp T_0.20;
T_0.8 ;
    %pushi/vec4 0, 0, 1;
    %store/vec4 v00000223e5d73e80_0, 0, 1;
    %pushi/vec4 1, 0, 3;
    %store/vec4 v00000223e5d73980_0, 0, 3;
    %pushi/vec4 2, 0, 5;
    %store/vec4 v00000223e5d724e0_0, 0, 5;
    %wait E_00000223e5d6f470;
    %pushi/vec4 1, 0, 3;
    %store/vec4 v00000223e5d71fe0_0, 0, 3;
    %pushi/vec4 1, 0, 1;
    %store/vec4 v00000223e5d72940_0, 0, 1;
    %jmp T_0.20;
T_0.9 ;
    %pushi/vec4 1, 0, 1;
    %store/vec4 v00000223e5d73e80_0, 0, 1;
    %pushi/vec4 0, 0, 3;
    %store/vec4 v00000223e5d73980_0, 0, 3;
    %pushi/vec4 7, 0, 5;
    %store/vec4 v00000223e5d724e0_0, 0, 5;
    %wait E_00000223e5d6f470;
    %pushi/vec4 0, 0, 3;
    %store/vec4 v00000223e5d73de0_0, 0, 3;
    %pushi/vec4 1, 0, 2;
    %store/vec4 v00000223e5d73340_0, 0, 2;
    %pushi/vec4 1, 0, 1;
    %store/vec4 v00000223e5d728a0_0, 0, 1;
    %jmp T_0.20;
T_0.10 ;
    %pushi/vec4 1, 0, 1;
    %store/vec4 v00000223e5d73e80_0, 0, 1;
    %pushi/vec4 0, 0, 3;
    %store/vec4 v00000223e5d73980_0, 0, 3;
    %pushi/vec4 2, 0, 5;
    %store/vec4 v00000223e5d724e0_0, 0, 5;
    %wait E_00000223e5d6f470;
    %pushi/vec4 0, 0, 3;
    %store/vec4 v00000223e5d73de0_0, 0, 3;
    %pushi/vec4 1, 0, 2;
    %store/vec4 v00000223e5d73340_0, 0, 2;
    %pushi/vec4 1, 0, 1;
    %store/vec4 v00000223e5d728a0_0, 0, 1;
    %jmp T_0.20;
T_0.11 ;
    %pushi/vec4 1, 0, 1;
    %store/vec4 v00000223e5d73e80_0, 0, 1;
    %pushi/vec4 0, 0, 3;
    %store/vec4 v00000223e5d73980_0, 0, 3;
    %pushi/vec4 1, 0, 5;
    %store/vec4 v00000223e5d724e0_0, 0, 5;
    %wait E_00000223e5d6f470;
    %pushi/vec4 0, 0, 3;
    %store/vec4 v00000223e5d73de0_0, 0, 3;
    %pushi/vec4 1, 0, 2;
    %store/vec4 v00000223e5d73340_0, 0, 2;
    %pushi/vec4 1, 0, 1;
    %store/vec4 v00000223e5d728a0_0, 0, 1;
    %jmp T_0.20;
T_0.12 ;
    %pushi/vec4 1, 0, 1;
    %store/vec4 v00000223e5d73e80_0, 0, 1;
    %pushi/vec4 0, 0, 3;
    %store/vec4 v00000223e5d73980_0, 0, 3;
    %pushi/vec4 3, 0, 5;
    %store/vec4 v00000223e5d724e0_0, 0, 5;
    %wait E_00000223e5d6f470;
    %pushi/vec4 0, 0, 3;
    %store/vec4 v00000223e5d73de0_0, 0, 3;
    %pushi/vec4 1, 0, 2;
    %store/vec4 v00000223e5d73340_0, 0, 2;
    %pushi/vec4 1, 0, 1;
    %store/vec4 v00000223e5d728a0_0, 0, 1;
    %jmp T_0.20;
T_0.13 ;
    %pushi/vec4 1, 0, 1;
    %store/vec4 v00000223e5d73e80_0, 0, 1;
    %pushi/vec4 0, 0, 3;
    %store/vec4 v00000223e5d73980_0, 0, 3;
    %pushi/vec4 2, 0, 5;
    %store/vec4 v00000223e5d724e0_0, 0, 5;
    %wait E_00000223e5d6f470;
    %pushi/vec4 0, 0, 3;
    %store/vec4 v00000223e5d73de0_0, 0, 3;
    %pushi/vec4 1, 0, 2;
    %store/vec4 v00000223e5d73340_0, 0, 2;
    %pushi/vec4 1, 0, 1;
    %store/vec4 v00000223e5d728a0_0, 0, 1;
    %jmp T_0.20;
T_0.14 ;
    %pushi/vec4 1, 0, 1;
    %store/vec4 v00000223e5d73e80_0, 0, 1;
    %pushi/vec4 0, 0, 3;
    %store/vec4 v00000223e5d73980_0, 0, 3;
    %pushi/vec4 10, 0, 5;
    %store/vec4 v00000223e5d724e0_0, 0, 5;
    %jmp T_0.20;
T_0.15 ;
    %pushi/vec4 1, 0, 1;
    %store/vec4 v00000223e5d73e80_0, 0, 1;
    %pushi/vec4 0, 0, 3;
    %store/vec4 v00000223e5d73980_0, 0, 3;
    %pushi/vec4 9, 0, 5;
    %store/vec4 v00000223e5d724e0_0, 0, 5;
    %jmp T_0.20;
T_0.16 ;
    %pushi/vec4 1, 0, 1;
    %store/vec4 v00000223e5d73e80_0, 0, 1;
    %pushi/vec4 0, 0, 3;
    %store/vec4 v00000223e5d73980_0, 0, 3;
    %pushi/vec4 0, 0, 5;
    %store/vec4 v00000223e5d724e0_0, 0, 5;
    %wait E_00000223e5d6f470;
    %pushi/vec4 1, 0, 3;
    %store/vec4 v00000223e5d71fe0_0, 0, 3;
    %pushi/vec4 1, 0, 1;
    %store/vec4 v00000223e5d73840_0, 0, 1;
    %pushi/vec4 1, 0, 1;
    %store/vec4 v00000223e5d72940_0, 0, 1;
    %pushi/vec4 0, 0, 1;
    %store/vec4 v00000223e5d73840_0, 0, 1;
    %jmp T_0.20;
T_0.17 ;
    %pushi/vec4 12, 0, 5;
    %store/vec4 v00000223e5d724e0_0, 0, 5;
    %wait E_00000223e5d6f470;
    %pushi/vec4 0, 0, 3;
    %store/vec4 v00000223e5d73de0_0, 0, 3;
    %pushi/vec4 1, 0, 2;
    %store/vec4 v00000223e5d73340_0, 0, 2;
    %pushi/vec4 1, 0, 1;
    %store/vec4 v00000223e5d728a0_0, 0, 1;
    %jmp T_0.20;
T_0.18 ;
    %pushi/vec4 13, 0, 5;
    %store/vec4 v00000223e5d724e0_0, 0, 5;
    %wait E_00000223e5d6f470;
    %pushi/vec4 0, 0, 3;
    %store/vec4 v00000223e5d73de0_0, 0, 3;
    %pushi/vec4 1, 0, 2;
    %store/vec4 v00000223e5d73340_0, 0, 2;
    %pushi/vec4 1, 0, 1;
    %store/vec4 v00000223e5d728a0_0, 0, 1;
    %jmp T_0.20;
T_0.19 ;
    %pushi/vec4 4, 0, 3;
    %store/vec4 v00000223e5d72080_0, 0, 3;
    %pushi/vec4 0, 0, 1;
    %store/vec4 v00000223e5d729e0_0, 0, 1;
    %wait E_00000223e5d6f470;
    %wait E_00000223e5d6f470;
    %pushi/vec4 0, 0, 3;
    %store/vec4 v00000223e5d72c60_0, 0, 3;
    %pushi/vec4 1, 0, 1;
    %store/vec4 v00000223e5d73200_0, 0, 1;
    %pushi/vec4 5, 0, 3;
    %store/vec4 v00000223e5d72080_0, 0, 3;
    %pushi/vec4 0, 0, 1;
    %store/vec4 v00000223e5d729e0_0, 0, 1;
    %wait E_00000223e5d6f470;
    %wait E_00000223e5d6f470;
    %pushi/vec4 0, 0, 1;
    %store/vec4 v00000223e5d735c0_0, 0, 1;
    %pushi/vec4 5, 0, 3;
    %store/vec4 v00000223e5d72080_0, 0, 3;
    %pushi/vec4 1, 0, 1;
    %store/vec4 v00000223e5d729e0_0, 0, 1;
    %wait E_00000223e5d6f470;
    %pushi/vec4 0, 0, 1;
    %store/vec4 v00000223e5d729e0_0, 0, 1;
    %pushi/vec4 1, 0, 1;
    %store/vec4 v00000223e5d735c0_0, 0, 1;
    %pushi/vec4 4, 0, 3;
    %store/vec4 v00000223e5d72080_0, 0, 3;
    %pushi/vec4 1, 0, 1;
    %store/vec4 v00000223e5d729e0_0, 0, 1;
    %pushi/vec4 0, 0, 1;
    %store/vec4 v00000223e5d73200_0, 0, 1;
    %jmp T_0.20;
T_0.20 ;
    %pop/vec4 1;
    %jmp T_0.1;
T_0.0 ;
    %load/vec4 v00000223e5d73c00_0;
    %pushi/vec4 2, 0, 32;
    %cmp/e;
    %flag_get/vec4 4;
    %load/vec4 v00000223e5d73c00_0;
    %pushi/vec4 3, 0, 32;
    %cmp/e;
    %flag_get/vec4 4;
    %or;
    %flag_set/vec4 8;
    %jmp/0xz  T_0.21, 8;
    %load/vec4 v00000223e5d73ac0_0;
    %dup/vec4;
    %pushi/vec4 2, 0, 6;
    %cmp/u;
    %jmp/1 T_0.23, 6;
    %dup/vec4;
    %pushi/vec4 3, 0, 6;
    %cmp/u;
    %jmp/1 T_0.24, 6;
    %jmp T_0.25;
T_0.23 ;
    %pushi/vec4 0, 0, 3;
    %store/vec4 v00000223e5d71fe0_0, 0, 3;
    %pushi/vec4 1, 0, 1;
    %store/vec4 v00000223e5d72940_0, 0, 1;
    %jmp T_0.25;
T_0.24 ;
    %pushi/vec4 0, 0, 3;
    %store/vec4 v00000223e5d71fe0_0, 0, 3;
    %pushi/vec4 1, 0, 1;
    %store/vec4 v00000223e5d72940_0, 0, 1;
    %pushi/vec4 2, 0, 2;
    %store/vec4 v00000223e5d73340_0, 0, 2;
    %pushi/vec4 4, 0, 3;
    %store/vec4 v00000223e5d73de0_0, 0, 3;
    %pushi/vec4 1, 0, 1;
    %store/vec4 v00000223e5d729e0_0, 0, 1;
    %jmp T_0.25;
T_0.25 ;
    %pop/vec4 1;
    %jmp T_0.22;
T_0.21 ;
    %load/vec4 v00000223e5d73ac0_0;
    %dup/vec4;
    %pushi/vec4 1, 0, 6;
    %cmp/u;
    %jmp/1 T_0.26, 6;
    %dup/vec4;
    %pushi/vec4 8, 0, 6;
    %cmp/u;
    %jmp/1 T_0.27, 6;
    %dup/vec4;
    %pushi/vec4 9, 0, 6;
    %cmp/u;
    %jmp/1 T_0.28, 6;
    %dup/vec4;
    %pushi/vec4 9, 0, 6;
    %cmp/u;
    %jmp/1 T_0.29, 6;
    %dup/vec4;
    %pushi/vec4 15, 0, 6;
    %cmp/u;
    %jmp/1 T_0.30, 6;
    %dup/vec4;
    %pushi/vec4 4, 0, 6;
    %cmp/u;
    %jmp/1 T_0.31, 6;
    %dup/vec4;
    %pushi/vec4 5, 0, 6;
    %cmp/u;
    %jmp/1 T_0.32, 6;
    %dup/vec4;
    %pushi/vec4 6, 0, 6;
    %cmp/u;
    %jmp/1 T_0.33, 6;
    %dup/vec4;
    %pushi/vec4 7, 0, 6;
    %cmp/u;
    %jmp/1 T_0.34, 6;
    %dup/vec4;
    %pushi/vec4 34, 0, 6;
    %cmp/u;
    %jmp/1 T_0.35, 6;
    %dup/vec4;
    %pushi/vec4 41, 0, 6;
    %cmp/u;
    %jmp/1 T_0.36, 6;
    %dup/vec4;
    %pushi/vec4 40, 0, 6;
    %cmp/u;
    %jmp/1 T_0.37, 6;
    %dup/vec4;
    %pushi/vec4 35, 0, 6;
    %cmp/u;
    %jmp/1 T_0.38, 6;
    %dup/vec4;
    %pushi/vec4 33, 0, 6;
    %cmp/u;
    %jmp/1 T_0.39, 6;
    %dup/vec4;
    %pushi/vec4 32, 0, 6;
    %cmp/u;
    %jmp/1 T_0.40, 6;
    %jmp T_0.41;
T_0.26 ;
    %pushi/vec4 1, 0, 1;
    %store/vec4 v00000223e5d73e80_0, 0, 1;
    %pushi/vec4 2, 0, 3;
    %store/vec4 v00000223e5d73980_0, 0, 3;
    %pushi/vec4 9, 0, 5;
    %store/vec4 v00000223e5d724e0_0, 0, 5;
    %jmp T_0.41;
T_0.27 ;
    %pushi/vec4 1, 0, 1;
    %store/vec4 v00000223e5d73e80_0, 0, 1;
    %pushi/vec4 2, 0, 3;
    %store/vec4 v00000223e5d73980_0, 0, 3;
    %pushi/vec4 1, 0, 5;
    %store/vec4 v00000223e5d724e0_0, 0, 5;
    %wait E_00000223e5d6f470;
    %pushi/vec4 0, 0, 3;
    %store/vec4 v00000223e5d73de0_0, 0, 3;
    %pushi/vec4 0, 0, 2;
    %store/vec4 v00000223e5d73340_0, 0, 2;
    %pushi/vec4 1, 0, 1;
    %store/vec4 v00000223e5d728a0_0, 0, 1;
    %jmp T_0.41;
T_0.28 ;
    %pushi/vec4 1, 0, 1;
    %store/vec4 v00000223e5d73e80_0, 0, 1;
    %pushi/vec4 2, 0, 3;
    %store/vec4 v00000223e5d73980_0, 0, 3;
    %pushi/vec4 1, 0, 5;
    %store/vec4 v00000223e5d724e0_0, 0, 5;
    %wait E_00000223e5d6f470;
    %pushi/vec4 0, 0, 3;
    %store/vec4 v00000223e5d73de0_0, 0, 3;
    %pushi/vec4 0, 0, 2;
    %store/vec4 v00000223e5d73340_0, 0, 2;
    %pushi/vec4 1, 0, 1;
    %store/vec4 v00000223e5d728a0_0, 0, 1;
    %jmp T_0.41;
T_0.29 ;
    %pushi/vec4 1, 0, 1;
    %store/vec4 v00000223e5d73e80_0, 0, 1;
    %pushi/vec4 2, 0, 3;
    %store/vec4 v00000223e5d73980_0, 0, 3;
    %pushi/vec4 7, 0, 5;
    %store/vec4 v00000223e5d724e0_0, 0, 5;
    %wait E_00000223e5d6f470;
    %pushi/vec4 0, 0, 3;
    %store/vec4 v00000223e5d73de0_0, 0, 3;
    %pushi/vec4 0, 0, 2;
    %store/vec4 v00000223e5d73340_0, 0, 2;
    %pushi/vec4 1, 0, 1;
    %store/vec4 v00000223e5d728a0_0, 0, 1;
    %jmp T_0.41;
T_0.30 ;
    %pushi/vec4 1, 0, 2;
    %store/vec4 v00000223e5d72b20_0, 0, 2;
    %pushi/vec4 1, 0, 3;
    %store/vec4 v00000223e5d73a20_0, 0, 3;
    %wait E_00000223e5d6f470;
    %pushi/vec4 1, 0, 2;
    %store/vec4 v00000223e5d73700_0, 0, 2;
    %pushi/vec4 2, 0, 3;
    %store/vec4 v00000223e5d73a20_0, 0, 3;
    %wait E_00000223e5d6f470;
    %pushi/vec4 18, 0, 5;
    %store/vec4 v00000223e5d724e0_0, 0, 5;
    %pushi/vec4 0, 0, 3;
    %store/vec4 v00000223e5d73de0_0, 0, 3;
    %pushi/vec4 0, 0, 2;
    %store/vec4 v00000223e5d73340_0, 0, 2;
    %pushi/vec4 1, 0, 1;
    %store/vec4 v00000223e5d728a0_0, 0, 1;
    %jmp T_0.41;
T_0.31 ;
    %pushi/vec4 0, 0, 1;
    %store/vec4 v00000223e5d73e80_0, 0, 1;
    %pushi/vec4 3, 0, 3;
    %store/vec4 v00000223e5d73980_0, 0, 3;
    %pushi/vec4 1, 0, 5;
    %store/vec4 v00000223e5d724e0_0, 0, 5;
    %wait E_00000223e5d6f470;
    %pushi/vec4 1, 0, 1;
    %store/vec4 v00000223e5d73e80_0, 0, 1;
    %pushi/vec4 0, 0, 3;
    %store/vec4 v00000223e5d73980_0, 0, 3;
    %pushi/vec4 15, 0, 5;
    %store/vec4 v00000223e5d724e0_0, 0, 5;
    %pushi/vec4 2, 0, 3;
    %store/vec4 v00000223e5d71fe0_0, 0, 3;
    %pushi/vec4 1, 0, 1;
    %store/vec4 v00000223e5d73840_0, 0, 1;
    %jmp T_0.41;
T_0.32 ;
    %pushi/vec4 0, 0, 1;
    %store/vec4 v00000223e5d73e80_0, 0, 1;
    %pushi/vec4 3, 0, 3;
    %store/vec4 v00000223e5d73980_0, 0, 3;
    %pushi/vec4 1, 0, 5;
    %store/vec4 v00000223e5d724e0_0, 0, 5;
    %wait E_00000223e5d6f470;
    %pushi/vec4 1, 0, 1;
    %store/vec4 v00000223e5d73e80_0, 0, 1;
    %pushi/vec4 0, 0, 3;
    %store/vec4 v00000223e5d73980_0, 0, 3;
    %pushi/vec4 14, 0, 5;
    %store/vec4 v00000223e5d724e0_0, 0, 5;
    %pushi/vec4 2, 0, 3;
    %store/vec4 v00000223e5d71fe0_0, 0, 3;
    %pushi/vec4 1, 0, 1;
    %store/vec4 v00000223e5d73840_0, 0, 1;
    %jmp T_0.41;
T_0.33 ;
    %pushi/vec4 0, 0, 1;
    %store/vec4 v00000223e5d73e80_0, 0, 1;
    %pushi/vec4 3, 0, 3;
    %store/vec4 v00000223e5d73980_0, 0, 3;
    %pushi/vec4 1, 0, 5;
    %store/vec4 v00000223e5d724e0_0, 0, 5;
    %wait E_00000223e5d6f470;
    %pushi/vec4 1, 0, 1;
    %store/vec4 v00000223e5d73e80_0, 0, 1;
    %pushi/vec4 0, 0, 3;
    %store/vec4 v00000223e5d73980_0, 0, 3;
    %pushi/vec4 16, 0, 5;
    %store/vec4 v00000223e5d724e0_0, 0, 5;
    %pushi/vec4 2, 0, 3;
    %store/vec4 v00000223e5d71fe0_0, 0, 3;
    %pushi/vec4 1, 0, 1;
    %store/vec4 v00000223e5d73840_0, 0, 1;
    %jmp T_0.41;
T_0.34 ;
    %pushi/vec4 0, 0, 1;
    %store/vec4 v00000223e5d73e80_0, 0, 1;
    %pushi/vec4 3, 0, 3;
    %store/vec4 v00000223e5d73980_0, 0, 3;
    %pushi/vec4 1, 0, 5;
    %store/vec4 v00000223e5d724e0_0, 0, 5;
    %wait E_00000223e5d6f470;
    %pushi/vec4 1, 0, 1;
    %store/vec4 v00000223e5d73e80_0, 0, 1;
    %pushi/vec4 0, 0, 3;
    %store/vec4 v00000223e5d73980_0, 0, 3;
    %pushi/vec4 17, 0, 5;
    %store/vec4 v00000223e5d724e0_0, 0, 5;
    %pushi/vec4 2, 0, 3;
    %store/vec4 v00000223e5d71fe0_0, 0, 3;
    %pushi/vec4 1, 0, 1;
    %store/vec4 v00000223e5d73840_0, 0, 1;
    %jmp T_0.41;
T_0.35 ;
    %pushi/vec4 1, 0, 1;
    %store/vec4 v00000223e5d73e80_0, 0, 1;
    %pushi/vec4 2, 0, 3;
    %store/vec4 v00000223e5d73980_0, 0, 3;
    %pushi/vec4 1, 0, 5;
    %store/vec4 v00000223e5d724e0_0, 0, 5;
    %wait E_00000223e5d6f470;
    %pushi/vec4 1, 0, 1;
    %store/vec4 v00000223e5d73660_0, 0, 1;
    %pushi/vec4 0, 0, 3;
    %store/vec4 v00000223e5d72080_0, 0, 3;
    %pushi/vec4 0, 0, 3;
    %store/vec4 v00000223e5d72c60_0, 0, 3;
    %pushi/vec4 1, 0, 1;
    %store/vec4 v00000223e5d735c0_0, 0, 1;
    %pushi/vec4 1, 0, 1;
    %store/vec4 v00000223e5d729e0_0, 0, 1;
    %jmp T_0.41;
T_0.36 ;
    %pushi/vec4 1, 0, 1;
    %store/vec4 v00000223e5d73e80_0, 0, 1;
    %pushi/vec4 2, 0, 3;
    %store/vec4 v00000223e5d73980_0, 0, 3;
    %pushi/vec4 1, 0, 5;
    %store/vec4 v00000223e5d724e0_0, 0, 5;
    %wait E_00000223e5d6f470;
    %pushi/vec4 1, 0, 1;
    %store/vec4 v00000223e5d73660_0, 0, 1;
    %pushi/vec4 0, 0, 3;
    %store/vec4 v00000223e5d72080_0, 0, 3;
    %pushi/vec4 0, 0, 1;
    %store/vec4 v00000223e5d729e0_0, 0, 1;
    %wait E_00000223e5d6f470;
    %wait E_00000223e5d6f470;
    %pushi/vec4 3, 0, 3;
    %store/vec4 v00000223e5d72c60_0, 0, 3;
    %pushi/vec4 1, 0, 1;
    %store/vec4 v00000223e5d735c0_0, 0, 1;
    %pushi/vec4 1, 0, 1;
    %store/vec4 v00000223e5d729e0_0, 0, 1;
    %jmp T_0.41;
T_0.37 ;
    %pushi/vec4 1, 0, 1;
    %store/vec4 v00000223e5d73e80_0, 0, 1;
    %pushi/vec4 2, 0, 3;
    %store/vec4 v00000223e5d73980_0, 0, 3;
    %pushi/vec4 1, 0, 5;
    %store/vec4 v00000223e5d724e0_0, 0, 5;
    %wait E_00000223e5d6f470;
    %pushi/vec4 1, 0, 1;
    %store/vec4 v00000223e5d73660_0, 0, 1;
    %pushi/vec4 0, 0, 3;
    %store/vec4 v00000223e5d72080_0, 0, 3;
    %pushi/vec4 0, 0, 1;
    %store/vec4 v00000223e5d729e0_0, 0, 1;
    %wait E_00000223e5d6f470;
    %wait E_00000223e5d6f470;
    %pushi/vec4 5, 0, 3;
    %store/vec4 v00000223e5d72c60_0, 0, 3;
    %pushi/vec4 1, 0, 1;
    %store/vec4 v00000223e5d735c0_0, 0, 1;
    %pushi/vec4 1, 0, 1;
    %store/vec4 v00000223e5d729e0_0, 0, 1;
    %jmp T_0.41;
T_0.38 ;
    %pushi/vec4 1, 0, 1;
    %store/vec4 v00000223e5d73e80_0, 0, 1;
    %pushi/vec4 2, 0, 3;
    %store/vec4 v00000223e5d73980_0, 0, 3;
    %pushi/vec4 1, 0, 5;
    %store/vec4 v00000223e5d724e0_0, 0, 5;
    %wait E_00000223e5d6f470;
    %pushi/vec4 1, 0, 1;
    %store/vec4 v00000223e5d73660_0, 0, 1;
    %pushi/vec4 0, 0, 3;
    %store/vec4 v00000223e5d72080_0, 0, 3;
    %pushi/vec4 0, 0, 1;
    %store/vec4 v00000223e5d729e0_0, 0, 1;
    %wait E_00000223e5d6f470;
    %wait E_00000223e5d6f470;
    %pushi/vec4 0, 0, 3;
    %store/vec4 v00000223e5d72c60_0, 0, 3;
    %pushi/vec4 1, 0, 3;
    %store/vec4 v00000223e5d73de0_0, 0, 3;
    %pushi/vec4 0, 0, 2;
    %store/vec4 v00000223e5d73340_0, 0, 2;
    %pushi/vec4 1, 0, 1;
    %store/vec4 v00000223e5d728a0_0, 0, 1;
    %jmp T_0.41;
T_0.39 ;
    %pushi/vec4 1, 0, 1;
    %store/vec4 v00000223e5d73e80_0, 0, 1;
    %pushi/vec4 2, 0, 3;
    %store/vec4 v00000223e5d73980_0, 0, 3;
    %pushi/vec4 1, 0, 5;
    %store/vec4 v00000223e5d724e0_0, 0, 5;
    %wait E_00000223e5d6f470;
    %pushi/vec4 1, 0, 1;
    %store/vec4 v00000223e5d73660_0, 0, 1;
    %pushi/vec4 0, 0, 3;
    %store/vec4 v00000223e5d72080_0, 0, 3;
    %pushi/vec4 0, 0, 1;
    %store/vec4 v00000223e5d729e0_0, 0, 1;
    %wait E_00000223e5d6f470;
    %wait E_00000223e5d6f470;
    %pushi/vec4 1, 0, 3;
    %store/vec4 v00000223e5d72c60_0, 0, 3;
    %pushi/vec4 1, 0, 3;
    %store/vec4 v00000223e5d73de0_0, 0, 3;
    %pushi/vec4 0, 0, 2;
    %store/vec4 v00000223e5d73340_0, 0, 2;
    %pushi/vec4 1, 0, 1;
    %store/vec4 v00000223e5d728a0_0, 0, 1;
    %jmp T_0.41;
T_0.40 ;
    %pushi/vec4 1, 0, 1;
    %store/vec4 v00000223e5d73e80_0, 0, 1;
    %pushi/vec4 2, 0, 3;
    %store/vec4 v00000223e5d73980_0, 0, 3;
    %pushi/vec4 1, 0, 5;
    %store/vec4 v00000223e5d724e0_0, 0, 5;
    %wait E_00000223e5d6f470;
    %pushi/vec4 1, 0, 1;
    %store/vec4 v00000223e5d73660_0, 0, 1;
    %pushi/vec4 0, 0, 3;
    %store/vec4 v00000223e5d72080_0, 0, 3;
    %pushi/vec4 0, 0, 1;
    %store/vec4 v00000223e5d729e0_0, 0, 1;
    %wait E_00000223e5d6f470;
    %wait E_00000223e5d6f470;
    %pushi/vec4 2, 0, 3;
    %store/vec4 v00000223e5d72c60_0, 0, 3;
    %pushi/vec4 1, 0, 3;
    %store/vec4 v00000223e5d73de0_0, 0, 3;
    %pushi/vec4 0, 0, 2;
    %store/vec4 v00000223e5d73340_0, 0, 2;
    %pushi/vec4 1, 0, 1;
    %store/vec4 v00000223e5d728a0_0, 0, 1;
    %jmp T_0.41;
T_0.41 ;
    %pop/vec4 1;
T_0.22 ;
T_0.1 ;
    %jmp T_0;
    .thread T_0, $push;
# The file index is used to find the file name in the following table.
:file_names 3;
    "N/A";
    "<interactive>";
    "opcodes.v";
