#! /c/Source/iverilog-install/bin/vvp
:ivl_version "12.0 (devel)" "(s20150603-1110-g18392a46)";
:ivl_delay_selection "TYPICAL";
:vpi_time_precision + 0;
:vpi_module "C:\iverilog\lib\ivl\system.vpi";
:vpi_module "C:\iverilog\lib\ivl\vhdl_sys.vpi";
:vpi_module "C:\iverilog\lib\ivl\vhdl_textio.vpi";
:vpi_module "C:\iverilog\lib\ivl\v2005_math.vpi";
:vpi_module "C:\iverilog\lib\ivl\va_math.vpi";
S_0000025d2c0d2880 .scope module, "Or" "Or" 2 1;
 .timescale 0 0;
    .port_info 0 /INPUT 1 "orOp";
    .port_info 1 /INPUT 32 "A";
    .port_info 2 /INPUT 32 "B";
    .port_info 3 /OUTPUT 32 "result";
o0000025d2c106d18 .functor BUFZ 32, C4<zzzzzzzzzzzzzzzzzzzzzzzzzzzzzzzz>; HiZ drive
v0000025d2c0d3300_0 .net "A", 31 0, o0000025d2c106d18;  0 drivers
o0000025d2c106d48 .functor BUFZ 32, C4<zzzzzzzzzzzzzzzzzzzzzzzzzzzzzzzz>; HiZ drive
v0000025d2c0d2f70_0 .net "B", 31 0, o0000025d2c106d48;  0 drivers
o0000025d2c106d78 .functor BUFZ 1, C4<z>; HiZ drive
v0000025d2c0d2a10_0 .net "orOp", 0 0, o0000025d2c106d78;  0 drivers
v0000025d2c0d2ab0_0 .var "result", 31 0;
E_0000025d2c104c80 .event posedge, v0000025d2c0d2a10_0;
    .scope S_0000025d2c0d2880;
T_0 ;
    %wait E_0000025d2c104c80;
    %load/vec4 v0000025d2c0d3300_0;
    %load/vec4 v0000025d2c0d2f70_0;
    %or;
    %store/vec4 v0000025d2c0d2ab0_0, 0, 32;
    %jmp T_0;
    .thread T_0;
# The file index is used to find the file name in the following table.
:file_names 3;
    "N/A";
    "<interactive>";
    "or.v";
