#! /c/Source/iverilog-install/bin/vvp
:ivl_version "12.0 (devel)" "(s20150603-1110-g18392a46)";
:ivl_delay_selection "TYPICAL";
:vpi_time_precision + 0;
:vpi_module "C:\iverilog\lib\ivl\system.vpi";
:vpi_module "C:\iverilog\lib\ivl\vhdl_sys.vpi";
:vpi_module "C:\iverilog\lib\ivl\vhdl_textio.vpi";
:vpi_module "C:\iverilog\lib\ivl\v2005_math.vpi";
:vpi_module "C:\iverilog\lib\ivl\va_math.vpi";
S_000001a0ad872a90 .scope module, "ShiftLeftTwoJump" "ShiftLeftTwoJump" 2 1;
 .timescale 0 0;
    .port_info 0 /INPUT 26 "Instruction";
    .port_info 1 /INPUT 4 "PC";
    .port_info 2 /OUTPUT 32 "out";
    .port_info 3 /OUTPUT 28 "y";
o000001a0ad8a6fb8 .functor BUFZ 26, C4<zzzzzzzzzzzzzzzzzzzzzzzzzz>; HiZ drive
v000001a0ad8732f0_0 .net "Instruction", 25 0, o000001a0ad8a6fb8;  0 drivers
o000001a0ad8a6fe8 .functor BUFZ 4, C4<zzzz>; HiZ drive
v000001a0ad8585f0_0 .net "PC", 3 0, o000001a0ad8a6fe8;  0 drivers
L_000001a0ad8efc28 .functor BUFT 1, C4<00>, C4<0>, C4<0>, C4<0>;
v000001a0ad858690_0 .net/2u *"_ivl_0", 1 0, L_000001a0ad8efc28;  1 drivers
v000001a0ad872c20_0 .net *"_ivl_2", 27 0, L_000001a0ad85df70;  1 drivers
v000001a0ad872cc0_0 .net *"_ivl_6", 25 0, L_000001a0ad85e010;  1 drivers
L_000001a0ad8efc70 .functor BUFT 1, C4<00>, C4<0>, C4<0>, C4<0>;
v000001a0ad872d60_0 .net *"_ivl_8", 1 0, L_000001a0ad8efc70;  1 drivers
v000001a0ad872e00_0 .net "out", 31 0, L_000001a0ad85e150;  1 drivers
v000001a0ad872ea0_0 .net "y", 27 0, L_000001a0ad85e0b0;  1 drivers
L_000001a0ad85df70 .concat [ 26 2 0 0], o000001a0ad8a6fb8, L_000001a0ad8efc28;
L_000001a0ad85e010 .part L_000001a0ad85df70, 0, 26;
L_000001a0ad85e0b0 .concat [ 2 26 0 0], L_000001a0ad8efc70, L_000001a0ad85e010;
L_000001a0ad85e150 .concat [ 28 4 0 0], L_000001a0ad85e0b0, o000001a0ad8a6fe8;
# The file index is used to find the file name in the following table.
:file_names 3;
    "N/A";
    "<interactive>";
    "shift_left_2_jump_address.v";
