#! /c/Source/iverilog-install/bin/vvp
:ivl_version "12.0 (devel)" "(s20150603-1110-g18392a46)";
:ivl_delay_selection "TYPICAL";
:vpi_time_precision + 0;
:vpi_module "C:\iverilog\lib\ivl\system.vpi";
:vpi_module "C:\iverilog\lib\ivl\vhdl_sys.vpi";
:vpi_module "C:\iverilog\lib\ivl\vhdl_textio.vpi";
:vpi_module "C:\iverilog\lib\ivl\v2005_math.vpi";
:vpi_module "C:\iverilog\lib\ivl\va_math.vpi";
S_000002ad824fb590 .scope module, "testbench_sizehandlerMUX" "testbench_sizehandlerMUX" 2 32;
 .timescale 0 0;
v000002ad824fea40_0 .var "B", 31 0;
v000002ad824feae0_0 .var "mem", 31 0;
v000002ad824feb80_0 .net "out", 31 0, L_000002ad825bafb0;  1 drivers
v000002ad825b0ed0_0 .var "sel", 2 0;
S_000002ad824fe770 .scope module, "dut" "sizehandlerMUX" 2 39, 2 1 0, S_000002ad824fb590;
 .timescale 0 0;
    .port_info 0 /INPUT 3 "sel";
    .port_info 1 /INPUT 32 "mem";
    .port_info 2 /INPUT 32 "B";
    .port_info 3 /OUTPUT 32 "out";
L_000002ad825bafb0 .functor BUFZ 32, v000002ad824fe900_0, C4<00000000000000000000000000000000>, C4<00000000000000000000000000000000>, C4<00000000000000000000000000000000>;
v000002ad824f6bc0_0 .net "B", 31 0, v000002ad824fea40_0;  1 drivers
v000002ad824fb720_0 .net "mem", 31 0, v000002ad824feae0_0;  1 drivers
v000002ad824f6780_0 .net "out", 31 0, L_000002ad825bafb0;  alias, 1 drivers
v000002ad824fe900_0 .var "out_temp", 31 0;
v000002ad824fe9a0_0 .net "sel", 2 0, v000002ad825b0ed0_0;  1 drivers
E_000002ad824f9350 .event anyedge, v000002ad824fe9a0_0, v000002ad824f6bc0_0, v000002ad824fb720_0;
    .scope S_000002ad824fe770;
T_0 ;
    %pushi/vec4 0, 0, 32;
    %store/vec4 v000002ad824fe900_0, 0, 32;
    %end;
    .thread T_0;
    .scope S_000002ad824fe770;
T_1 ;
    %wait E_000002ad824f9350;
    %load/vec4 v000002ad824fe9a0_0;
    %dup/vec4;
    %pushi/vec4 0, 0, 3;
    %cmp/u;
    %jmp/1 T_1.0, 6;
    %dup/vec4;
    %pushi/vec4 1, 0, 3;
    %cmp/u;
    %jmp/1 T_1.1, 6;
    %dup/vec4;
    %pushi/vec4 2, 0, 3;
    %cmp/u;
    %jmp/1 T_1.2, 6;
    %dup/vec4;
    %pushi/vec4 3, 0, 3;
    %cmp/u;
    %jmp/1 T_1.3, 6;
    %dup/vec4;
    %pushi/vec4 4, 0, 3;
    %cmp/u;
    %jmp/1 T_1.4, 6;
    %dup/vec4;
    %pushi/vec4 5, 0, 3;
    %cmp/u;
    %jmp/1 T_1.5, 6;
    %pushi/vec4 0, 0, 32;
    %store/vec4 v000002ad824fe900_0, 0, 32;
    %jmp T_1.7;
T_1.0 ;
    %load/vec4 v000002ad824f6bc0_0;
    %parti/s 8, 0, 2;
    %load/vec4 v000002ad824fb720_0;
    %parti/s 8, 8, 5;
    %concat/vec4; draw_concat_vec4
    %load/vec4 v000002ad824fb720_0;
    %parti/s 8, 16, 6;
    %concat/vec4; draw_concat_vec4
    %load/vec4 v000002ad824fb720_0;
    %parti/s 8, 24, 6;
    %concat/vec4; draw_concat_vec4
    %store/vec4 v000002ad824fe900_0, 0, 32;
    %jmp T_1.7;
T_1.1 ;
    %load/vec4 v000002ad824f6bc0_0;
    %parti/s 8, 0, 2;
    %load/vec4 v000002ad824f6bc0_0;
    %parti/s 8, 8, 5;
    %concat/vec4; draw_concat_vec4
    %load/vec4 v000002ad824f6bc0_0;
    %parti/s 8, 16, 6;
    %concat/vec4; draw_concat_vec4
    %load/vec4 v000002ad824f6bc0_0;
    %parti/s 8, 24, 6;
    %concat/vec4; draw_concat_vec4
    %store/vec4 v000002ad824fe900_0, 0, 32;
    %jmp T_1.7;
T_1.2 ;
    %load/vec4 v000002ad824f6bc0_0;
    %parti/s 8, 0, 2;
    %load/vec4 v000002ad824f6bc0_0;
    %parti/s 8, 8, 5;
    %concat/vec4; draw_concat_vec4
    %load/vec4 v000002ad824fb720_0;
    %parti/s 8, 16, 6;
    %concat/vec4; draw_concat_vec4
    %load/vec4 v000002ad824fb720_0;
    %parti/s 8, 24, 6;
    %concat/vec4; draw_concat_vec4
    %store/vec4 v000002ad824fe900_0, 0, 32;
    %jmp T_1.7;
T_1.3 ;
    %load/vec4 v000002ad824fb720_0;
    %parti/s 8, 0, 2;
    %concati/vec4 0, 0, 8;
    %concati/vec4 0, 0, 8;
    %concati/vec4 0, 0, 8;
    %store/vec4 v000002ad824fe900_0, 0, 32;
    %jmp T_1.7;
T_1.4 ;
    %load/vec4 v000002ad824fb720_0;
    %parti/s 8, 0, 2;
    %load/vec4 v000002ad824fb720_0;
    %parti/s 8, 8, 5;
    %concat/vec4; draw_concat_vec4
    %load/vec4 v000002ad824fb720_0;
    %parti/s 8, 16, 6;
    %concat/vec4; draw_concat_vec4
    %load/vec4 v000002ad824fb720_0;
    %parti/s 8, 24, 6;
    %concat/vec4; draw_concat_vec4
    %store/vec4 v000002ad824fe900_0, 0, 32;
    %jmp T_1.7;
T_1.5 ;
    %load/vec4 v000002ad824fb720_0;
    %parti/s 8, 0, 2;
    %load/vec4 v000002ad824fb720_0;
    %parti/s 8, 8, 5;
    %concat/vec4; draw_concat_vec4
    %concati/vec4 0, 0, 8;
    %concati/vec4 0, 0, 8;
    %store/vec4 v000002ad824fe900_0, 0, 32;
    %jmp T_1.7;
T_1.7 ;
    %pop/vec4 1;
    %jmp T_1;
    .thread T_1, $push;
    .scope S_000002ad824fb590;
T_2 ;
    %pushi/vec4 0, 0, 3;
    %store/vec4 v000002ad825b0ed0_0, 0, 3;
    %pushi/vec4 0, 0, 32;
    %store/vec4 v000002ad824feae0_0, 0, 32;
    %pushi/vec4 4294967295, 0, 32;
    %store/vec4 v000002ad824fea40_0, 0, 32;
    %delay 10, 0;
    %vpi_call 2 52 "$display", "Resultado (sb): %b", v000002ad824feb80_0 {0 0 0};
    %pushi/vec4 1, 0, 3;
    %store/vec4 v000002ad825b0ed0_0, 0, 3;
    %pushi/vec4 0, 0, 32;
    %store/vec4 v000002ad824feae0_0, 0, 32;
    %pushi/vec4 4294967295, 0, 32;
    %store/vec4 v000002ad824fea40_0, 0, 32;
    %delay 10, 0;
    %vpi_call 2 59 "$display", "Resultado (sw): %b", v000002ad824feb80_0 {0 0 0};
    %pushi/vec4 2, 0, 3;
    %store/vec4 v000002ad825b0ed0_0, 0, 3;
    %pushi/vec4 0, 0, 32;
    %store/vec4 v000002ad824feae0_0, 0, 32;
    %pushi/vec4 4294967295, 0, 32;
    %store/vec4 v000002ad824fea40_0, 0, 32;
    %delay 10, 0;
    %vpi_call 2 66 "$display", "Resultado (sh): %b", v000002ad824feb80_0 {0 0 0};
    %vpi_call 2 68 "$finish" {0 0 0};
    %end;
    .thread T_2;
# The file index is used to find the file name in the following table.
:file_names 3;
    "N/A";
    "<interactive>";
    "sizehandler.v";
