#! /c/Source/iverilog-install/bin/vvp
:ivl_version "12.0 (devel)" "(s20150603-1110-g18392a46)";
:ivl_delay_selection "TYPICAL";
:vpi_time_precision + 0;
:vpi_module "C:\iverilog\lib\ivl\system.vpi";
:vpi_module "C:\iverilog\lib\ivl\vhdl_sys.vpi";
:vpi_module "C:\iverilog\lib\ivl\vhdl_textio.vpi";
:vpi_module "C:\iverilog\lib\ivl\v2005_math.vpi";
:vpi_module "C:\iverilog\lib\ivl\va_math.vpi";
S_000002b1b5856e00 .scope module, "lo" "lo" 2 1;
 .timescale 0 0;
    .port_info 0 /INPUT 1 "SaveTemp";
    .port_info 1 /INPUT 32 "save";
    .port_info 2 /OUTPUT 32 "temp";
o000002b1b5856f98 .functor BUFZ 1, C4<z>; HiZ drive
v000002b1b5806bb0_0 .net "SaveTemp", 0 0, o000002b1b5856f98;  0 drivers
o000002b1b5856fc8 .functor BUFZ 32, C4<zzzzzzzzzzzzzzzzzzzzzzzzzzzzzzzz>; HiZ drive
v000002b1b580d040_0 .net "save", 31 0, o000002b1b5856fc8;  0 drivers
v000002b1b580d0e0_0 .var "temp", 31 0;
E_000002b1b5854df0 .event posedge, v000002b1b5806bb0_0;
    .scope S_000002b1b5856e00;
T_0 ;
    %wait E_000002b1b5854df0;
    %load/vec4 v000002b1b580d040_0;
    %store/vec4 v000002b1b580d0e0_0, 0, 32;
    %jmp T_0;
    .thread T_0;
# The file index is used to find the file name in the following table.
:file_names 3;
    "N/A";
    "<interactive>";
    "sizetemp.v";
