#! /c/Source/iverilog-install/bin/vvp
:ivl_version "12.0 (devel)" "(s20150603-1110-g18392a46)";
:ivl_delay_selection "TYPICAL";
:vpi_time_precision + 0;
:vpi_module "C:\iverilog\lib\ivl\system.vpi";
:vpi_module "C:\iverilog\lib\ivl\vhdl_sys.vpi";
:vpi_module "C:\iverilog\lib\ivl\vhdl_textio.vpi";
:vpi_module "C:\iverilog\lib\ivl\v2005_math.vpi";
:vpi_module "C:\iverilog\lib\ivl\va_math.vpi";
S_0000020f89196340 .scope module, "testbench_shiftleft2jump" "testbench_shiftleft2jump" 2 17;
 .timescale 0 0;
v0000020f89196700_0 .var "Instruction", 25 0;
v0000020f89162a90_0 .var "PC", 3 0;
v0000020f89162b30_0 .net "out", 31 0, v0000020f8914bc80_0;  1 drivers
v0000020f89162bd0_0 .net "y", 27 0, v0000020f89196660_0;  1 drivers
S_0000020f891964d0 .scope module, "dut" "ShiftLeftTwoJump" 2 24, 2 1 0, S_0000020f89196340;
 .timescale 0 0;
    .port_info 0 /INPUT 26 "Instruction";
    .port_info 1 /INPUT 4 "PC";
    .port_info 2 /OUTPUT 32 "out";
    .port_info 3 /OUTPUT 28 "y";
v0000020f891632f0_0 .net "Instruction", 25 0, v0000020f89196700_0;  1 drivers
v0000020f8914bbe0_0 .net "PC", 3 0, v0000020f89162a90_0;  1 drivers
v0000020f8914bc80_0 .var "out", 31 0;
v0000020f89196660_0 .var "y", 27 0;
E_0000020f89198a30 .event anyedge, v0000020f891632f0_0, v0000020f89196660_0, v0000020f8914bbe0_0;
    .scope S_0000020f891964d0;
T_0 ;
    %wait E_0000020f89198a30;
    %pushi/vec4 0, 0, 2;
    %load/vec4 v0000020f891632f0_0;
    %concat/vec4; draw_concat_vec4
    %store/vec4 v0000020f89196660_0, 0, 28;
    %load/vec4 v0000020f89196660_0;
    %ix/load 4, 2, 0;
    %flag_set/imm 4, 0;
    %shiftl 4;
    %store/vec4 v0000020f89196660_0, 0, 28;
    %load/vec4 v0000020f8914bbe0_0;
    %load/vec4 v0000020f89196660_0;
    %concat/vec4; draw_concat_vec4
    %assign/vec4 v0000020f8914bc80_0, 0;
    %jmp T_0;
    .thread T_0, $push;
    .scope S_0000020f89196340;
T_1 ;
    %pushi/vec4 2222762, 0, 26;
    %store/vec4 v0000020f89196700_0, 0, 26;
    %pushi/vec4 14, 0, 4;
    %store/vec4 v0000020f89162a90_0, 0, 4;
    %delay 10, 0;
    %vpi_call 2 36 "$display", "Resultado (sb): %b", v0000020f89162a90_0, " + ", v0000020f89196700_0, " = ", v0000020f89162b30_0 {0 0 0};
    %vpi_call 2 37 "$display", "olha o x: ", v0000020f89162bd0_0 {0 0 0};
    %pushi/vec4 300, 0, 26;
    %store/vec4 v0000020f89196700_0, 0, 26;
    %pushi/vec4 7, 0, 4;
    %store/vec4 v0000020f89162a90_0, 0, 4;
    %delay 10, 0;
    %vpi_call 2 43 "$display", "Resultado (sb): %b", v0000020f89162a90_0, " + ", v0000020f89196700_0, " = ", v0000020f89162b30_0 {0 0 0};
    %vpi_call 2 44 "$display", "olha o x: ", v0000020f89162bd0_0 {0 0 0};
    %pushi/vec4 902, 0, 26;
    %store/vec4 v0000020f89196700_0, 0, 26;
    %pushi/vec4 7, 0, 4;
    %store/vec4 v0000020f89162a90_0, 0, 4;
    %delay 10, 0;
    %vpi_call 2 50 "$display", "Resultado (sb): %b", v0000020f89162a90_0, " + ", v0000020f89196700_0, " = ", v0000020f89162b30_0 {0 0 0};
    %vpi_call 2 51 "$display", "olha o x: ", v0000020f89162bd0_0 {0 0 0};
    %vpi_call 2 53 "$finish" {0 0 0};
    %end;
    .thread T_1;
# The file index is used to find the file name in the following table.
:file_names 3;
    "N/A";
    "<interactive>";
    "tb_shiftleft2jump.v";
